{"numFailedTestSuites":11,"numFailedTests":21,"numPassedTestSuites":3,"numPassedTests":100,"numPendingTestSuites":0,"numPendingTests":45,"numRuntimeErrorTestSuites":7,"numTodoTests":0,"numTotalTestSuites":14,"numTotalTests":166,"openHandles":[],"snapshot":{"added":0,"didUpdate":false,"failure":false,"filesAdded":0,"filesRemoved":0,"filesRemovedList":[],"filesUnmatched":0,"filesUpdated":0,"matched":0,"total":0,"unchecked":0,"uncheckedKeysByFile":[],"unmatched":0,"updated":0},"startTime":1755214901869,"success":false,"testResults":[{"assertionResults":[{"ancestorTitles":["Simple Test"],"duration":11,"failing":false,"failureDetails":[],"failureMessages":[],"fullName":"Simple Test should pass a basic test","invocations":1,"location":null,"numPassingAsserts":1,"retryReasons":[],"startAt":1755214911753,"status":"passed","title":"should pass a basic test"},{"ancestorTitles":["Simple Test"],"duration":2,"failing":false,"failureDetails":[],"failureMessages":[],"fullName":"Simple Test should work with jsdom","invocations":1,"location":null,"numPassingAsserts":1,"retryReasons":[],"startAt":1755214911765,"status":"passed","title":"should work with jsdom"},{"ancestorTitles":["Simple Test"],"duration":1,"failing":false,"failureDetails":[],"failureMessages":[],"fullName":"Simple Test should have localStorage","invocations":1,"location":null,"numPassingAsserts":1,"retryReasons":[],"startAt":1755214911767,"status":"passed","title":"should have localStorage"}],"endTime":1755214911769,"message":"","name":"C:\\Users\\cmcal\\OneDrive\\Documents\\serenity-sober-pathways-guide\\tests\\unit\\simple.test.ts","startTime":1755214906470,"status":"passed","summary":""},{"assertionResults":[{"ancestorTitles":["EnhancedTenantSecurity","Tenant Isolation"],"duration":null,"failing":false,"failureDetails":[],"failureMessages":[],"fullName":"EnhancedTenantSecurity Tenant Isolation should create isolated tenant environment - method not implemented","invocations":1,"location":null,"numPassingAsserts":0,"retryReasons":[],"startAt":1755214912973,"status":"pending","title":"should create isolated tenant environment - method not implemented"},{"ancestorTitles":["EnhancedTenantSecurity","Tenant Isolation"],"duration":null,"failing":false,"failureDetails":[],"failureMessages":[],"fullName":"EnhancedTenantSecurity Tenant Isolation should validate tenant boundaries - method not implemented","invocations":1,"location":null,"numPassingAsserts":0,"retryReasons":[],"startAt":1755214912973,"status":"pending","title":"should validate tenant boundaries - method not implemented"},{"ancestorTitles":["EnhancedTenantSecurity","Tenant Isolation"],"duration":null,"failing":false,"failureDetails":[],"failureMessages":[],"fullName":"EnhancedTenantSecurity Tenant Isolation should detect cross-tenant access attempts - method not implemented","invocations":1,"location":null,"numPassingAsserts":0,"retryReasons":[],"startAt":1755214912973,"status":"pending","title":"should detect cross-tenant access attempts - method not implemented"},{"ancestorTitles":["EnhancedTenantSecurity","Tenant Isolation"],"duration":null,"failing":false,"failureDetails":[],"failureMessages":[],"fullName":"EnhancedTenantSecurity Tenant Isolation should enforce data residency requirements - method not implemented","invocations":1,"location":null,"numPassingAsserts":0,"retryReasons":[],"startAt":1755214912973,"status":"pending","title":"should enforce data residency requirements - method not implemented"},{"ancestorTitles":["EnhancedTenantSecurity","Tenant Isolation"],"duration":16,"failing":false,"failureDetails":[],"failureMessages":[],"fullName":"EnhancedTenantSecurity Tenant Isolation should create tenant network segment","invocations":1,"location":null,"numPassingAsserts":6,"retryReasons":[],"startAt":1755214912973,"status":"passed","title":"should create tenant network segment"},{"ancestorTitles":["EnhancedTenantSecurity","Tenant Isolation"],"duration":5,"failing":false,"failureDetails":[],"failureMessages":[],"fullName":"EnhancedTenantSecurity Tenant Isolation should get tenant security status","invocations":1,"location":null,"numPassingAsserts":4,"retryReasons":[],"startAt":1755214912991,"status":"passed","title":"should get tenant security status"},{"ancestorTitles":["EnhancedTenantSecurity","Encryption Management"],"duration":2,"failing":false,"failureDetails":[],"failureMessages":[],"fullName":"EnhancedTenantSecurity Encryption Management should generate tenant-specific encryption keys","invocations":1,"location":null,"numPassingAsserts":9,"retryReasons":[],"startAt":1755214912996,"status":"passed","title":"should generate tenant-specific encryption keys"},{"ancestorTitles":["EnhancedTenantSecurity","Encryption Management"],"duration":null,"failing":false,"failureDetails":[],"failureMessages":[],"fullName":"EnhancedTenantSecurity Encryption Management should rotate encryption keys periodically - method not implemented","invocations":1,"location":null,"numPassingAsserts":0,"retryReasons":[],"startAt":1755214912998,"status":"pending","title":"should rotate encryption keys periodically - method not implemented"},{"ancestorTitles":["EnhancedTenantSecurity","Encryption Management"],"duration":null,"failing":false,"failureDetails":[],"failureMessages":[],"fullName":"EnhancedTenantSecurity Encryption Management should encrypt tenant data at rest - method not implemented","invocations":1,"location":null,"numPassingAsserts":0,"retryReasons":[],"startAt":1755214912999,"status":"pending","title":"should encrypt tenant data at rest - method not implemented"},{"ancestorTitles":["EnhancedTenantSecurity","Encryption Management"],"duration":null,"failing":false,"failureDetails":[],"failureMessages":[],"fullName":"EnhancedTenantSecurity Encryption Management should decrypt tenant data with proper keys - method not implemented","invocations":1,"location":null,"numPassingAsserts":0,"retryReasons":[],"startAt":1755214912999,"status":"pending","title":"should decrypt tenant data with proper keys - method not implemented"},{"ancestorTitles":["EnhancedTenantSecurity","Network Segmentation"],"duration":1,"failing":false,"failureDetails":[],"failureMessages":[],"fullName":"EnhancedTenantSecurity Network Segmentation should create network segment for tenant","invocations":1,"location":null,"numPassingAsserts":7,"retryReasons":[],"startAt":1755214912999,"status":"passed","title":"should create network segment for tenant"},{"ancestorTitles":["EnhancedTenantSecurity","Network Segmentation"],"duration":null,"failing":false,"failureDetails":[],"failureMessages":[],"fullName":"EnhancedTenantSecurity Network Segmentation should apply firewall rules for tenant - method not implemented","invocations":1,"location":null,"numPassingAsserts":0,"retryReasons":[],"startAt":1755214913000,"status":"pending","title":"should apply firewall rules for tenant - method not implemented"},{"ancestorTitles":["EnhancedTenantSecurity","Network Segmentation"],"duration":null,"failing":false,"failureDetails":[],"failureMessages":[],"fullName":"EnhancedTenantSecurity Network Segmentation should monitor network traffic for anomalies - method not implemented","invocations":1,"location":null,"numPassingAsserts":0,"retryReasons":[],"startAt":1755214913000,"status":"pending","title":"should monitor network traffic for anomalies - method not implemented"},{"ancestorTitles":["EnhancedTenantSecurity","HIPAA Compliance"],"duration":null,"failing":false,"failureDetails":[],"failureMessages":[],"fullName":"EnhancedTenantSecurity HIPAA Compliance should validate HIPAA compliance for tenant - method not implemented","invocations":1,"location":null,"numPassingAsserts":0,"retryReasons":[],"startAt":1755214913000,"status":"pending","title":"should validate HIPAA compliance for tenant - method not implemented"},{"ancestorTitles":["EnhancedTenantSecurity","HIPAA Compliance"],"duration":3,"failing":false,"failureDetails":[],"failureMessages":[],"fullName":"EnhancedTenantSecurity HIPAA Compliance should monitor HIPAA compliance and return isolation metrics","invocations":1,"location":null,"numPassingAsserts":10,"retryReasons":[],"startAt":1755214913000,"status":"passed","title":"should monitor HIPAA compliance and return isolation metrics"},{"ancestorTitles":["EnhancedTenantSecurity","HIPAA Compliance"],"duration":null,"failing":false,"failureDetails":[],"failureMessages":[],"fullName":"EnhancedTenantSecurity HIPAA Compliance should generate HIPAA audit reports - method not implemented","invocations":1,"location":null,"numPassingAsserts":0,"retryReasons":[],"startAt":1755214913004,"status":"pending","title":"should generate HIPAA audit reports - method not implemented"},{"ancestorTitles":["EnhancedTenantSecurity","HIPAA Compliance"],"duration":2,"failing":false,"failureDetails":[],"failureMessages":[],"fullName":"EnhancedTenantSecurity HIPAA Compliance should verify SOC 2 controls implementation","invocations":1,"location":null,"numPassingAsserts":5,"retryReasons":[],"startAt":1755214913004,"status":"passed","title":"should verify SOC 2 controls implementation"},{"ancestorTitles":["EnhancedTenantSecurity","Access Control"],"duration":null,"failing":false,"failureDetails":[],"failureMessages":[],"fullName":"EnhancedTenantSecurity Access Control should validate user access to tenant - method not implemented","invocations":1,"location":null,"numPassingAsserts":0,"retryReasons":[],"startAt":1755214913006,"status":"pending","title":"should validate user access to tenant - method not implemented"},{"ancestorTitles":["EnhancedTenantSecurity","Access Control"],"duration":null,"failing":false,"failureDetails":[],"failureMessages":[],"fullName":"EnhancedTenantSecurity Access Control should enforce role-based access control - method not implemented","invocations":1,"location":null,"numPassingAsserts":0,"retryReasons":[],"startAt":1755214913006,"status":"pending","title":"should enforce role-based access control - method not implemented"},{"ancestorTitles":["EnhancedTenantSecurity","Access Control"],"duration":null,"failing":false,"failureDetails":[],"failureMessages":[],"fullName":"EnhancedTenantSecurity Access Control should detect privilege escalation attempts - method not implemented","invocations":1,"location":null,"numPassingAsserts":0,"retryReasons":[],"startAt":1755214913006,"status":"pending","title":"should detect privilege escalation attempts - method not implemented"},{"ancestorTitles":["EnhancedTenantSecurity","Threat Detection"],"duration":null,"failing":false,"failureDetails":[],"failureMessages":[],"fullName":"EnhancedTenantSecurity Threat Detection should calculate tenant risk score - method not implemented","invocations":1,"location":null,"numPassingAsserts":0,"retryReasons":[],"startAt":1755214913006,"status":"pending","title":"should calculate tenant risk score - method not implemented"},{"ancestorTitles":["EnhancedTenantSecurity","Threat Detection"],"duration":null,"failing":false,"failureDetails":[],"failureMessages":[],"fullName":"EnhancedTenantSecurity Threat Detection should detect security threats in real-time - method not implemented","invocations":1,"location":null,"numPassingAsserts":0,"retryReasons":[],"startAt":1755214913006,"status":"pending","title":"should detect security threats in real-time - method not implemented"},{"ancestorTitles":["EnhancedTenantSecurity","Threat Detection"],"duration":null,"failing":false,"failureDetails":[],"failureMessages":[],"fullName":"EnhancedTenantSecurity Threat Detection should respond to security incidents - method not implemented","invocations":1,"location":null,"numPassingAsserts":0,"retryReasons":[],"startAt":1755214913007,"status":"pending","title":"should respond to security incidents - method not implemented"},{"ancestorTitles":["EnhancedTenantSecurity","Threat Detection"],"duration":2,"failing":false,"failureDetails":[],"failureMessages":[],"fullName":"EnhancedTenantSecurity Threat Detection should perform emergency tenant isolation","invocations":1,"location":null,"numPassingAsserts":1,"retryReasons":[],"startAt":1755214913007,"status":"passed","title":"should perform emergency tenant isolation"},{"ancestorTitles":["EnhancedTenantSecurity","Performance Metrics"],"duration":null,"failing":false,"failureDetails":[],"failureMessages":[],"fullName":"EnhancedTenantSecurity Performance Metrics should meet encryption performance SLA - method not implemented","invocations":1,"location":null,"numPassingAsserts":0,"retryReasons":[],"startAt":1755214913009,"status":"pending","title":"should meet encryption performance SLA - method not implemented"},{"ancestorTitles":["EnhancedTenantSecurity","Performance Metrics"],"duration":3,"failing":false,"failureDetails":[],"failureMessages":[],"fullName":"EnhancedTenantSecurity Performance Metrics should handle concurrent tenant operations","invocations":1,"location":null,"numPassingAsserts":10,"retryReasons":[],"startAt":1755214913009,"status":"passed","title":"should handle concurrent tenant operations"},{"ancestorTitles":["EnhancedTenantSecurity","Performance Metrics"],"duration":2,"failing":false,"failureDetails":[],"failureMessages":[],"fullName":"EnhancedTenantSecurity Performance Metrics should handle concurrent encryption key generation","invocations":1,"location":null,"numPassingAsserts":10,"retryReasons":[],"startAt":1755214913012,"status":"passed","title":"should handle concurrent encryption key generation"}],"endTime":1755214913017,"message":"","name":"C:\\Users\\cmcal\\OneDrive\\Documents\\serenity-sober-pathways-guide\\tests\\unit\\services\\EnhancedTenantSecurity.test.ts","startTime":1755214906468,"status":"focused","summary":""},{"assertionResults":[{"ancestorTitles":["PredictiveSalesEngine","Service Instantiation"],"duration":10,"failing":false,"failureDetails":[],"failureMessages":[],"fullName":"PredictiveSalesEngine Service Instantiation should create service instance","invocations":1,"location":null,"numPassingAsserts":2,"retryReasons":[],"startAt":1755214913027,"status":"passed","title":"should create service instance"},{"ancestorTitles":["PredictiveSalesEngine","Service Instantiation"],"duration":2,"failing":false,"failureDetails":[],"failureMessages":[],"fullName":"PredictiveSalesEngine Service Instantiation should use singleton pattern","invocations":1,"location":null,"numPassingAsserts":1,"retryReasons":[],"startAt":1755214913038,"status":"passed","title":"should use singleton pattern"},{"ancestorTitles":["PredictiveSalesEngine","Lead Scoring - Currently has TypeScript/Database Issues"],"duration":null,"failing":false,"failureDetails":[],"failureMessages":[],"fullName":"PredictiveSalesEngine Lead Scoring - Currently has TypeScript/Database Issues should score high-quality leads accurately","invocations":1,"location":null,"numPassingAsserts":0,"retryReasons":[],"startAt":1755214913041,"status":"pending","title":"should score high-quality leads accurately"},{"ancestorTitles":["PredictiveSalesEngine","Demo Personalization - Currently has Database Issues"],"duration":null,"failing":false,"failureDetails":[],"failureMessages":[],"fullName":"PredictiveSalesEngine Demo Personalization - Currently has Database Issues should create personalized demo for provider specialty","invocations":1,"location":null,"numPassingAsserts":0,"retryReasons":[],"startAt":1755214913041,"status":"pending","title":"should create personalized demo for provider specialty"},{"ancestorTitles":["PredictiveSalesEngine","Demo Personalization - Currently has Database Issues"],"duration":null,"failing":false,"failureDetails":[],"failureMessages":[],"fullName":"PredictiveSalesEngine Demo Personalization - Currently has Database Issues should customize demo based on practice size","invocations":1,"location":null,"numPassingAsserts":0,"retryReasons":[],"startAt":1755214913041,"status":"pending","title":"should customize demo based on practice size"},{"ancestorTitles":["PredictiveSalesEngine","Demo Personalization - Currently has Database Issues"],"duration":null,"failing":false,"failureDetails":[],"failureMessages":[],"fullName":"PredictiveSalesEngine Demo Personalization - Currently has Database Issues should include relevant demo elements","invocations":1,"location":null,"numPassingAsserts":0,"retryReasons":[],"startAt":1755214913041,"status":"pending","title":"should include relevant demo elements"},{"ancestorTitles":["PredictiveSalesEngine","Conversion Flow Optimization - Currently has Database Issues"],"duration":null,"failing":false,"failureDetails":[],"failureMessages":[],"fullName":"PredictiveSalesEngine Conversion Flow Optimization - Currently has Database Issues should optimize conversion flow for lead","invocations":1,"location":null,"numPassingAsserts":0,"retryReasons":[],"startAt":1755214913041,"status":"pending","title":"should optimize conversion flow for lead"},{"ancestorTitles":["PredictiveSalesEngine","Unimplemented Methods - Tests Skipped"],"duration":null,"failing":false,"failureDetails":[],"failureMessages":[],"fullName":"PredictiveSalesEngine Unimplemented Methods - Tests Skipped should identify MQL (Marketing Qualified Leads) - qualifyLead method not implemented","invocations":1,"location":null,"numPassingAsserts":0,"retryReasons":[],"startAt":1755214913041,"status":"pending","title":"should identify MQL (Marketing Qualified Leads) - qualifyLead method not implemented"},{"ancestorTitles":["PredictiveSalesEngine","Unimplemented Methods - Tests Skipped"],"duration":null,"failing":false,"failureDetails":[],"failureMessages":[],"fullName":"PredictiveSalesEngine Unimplemented Methods - Tests Skipped should identify SQL (Sales Qualified Leads) - qualifyLead method not implemented","invocations":1,"location":null,"numPassingAsserts":0,"retryReasons":[],"startAt":1755214913041,"status":"pending","title":"should identify SQL (Sales Qualified Leads) - qualifyLead method not implemented"},{"ancestorTitles":["PredictiveSalesEngine","Unimplemented Methods - Tests Skipped"],"duration":null,"failing":false,"failureDetails":[],"failureMessages":[],"fullName":"PredictiveSalesEngine Unimplemented Methods - Tests Skipped should predict conversion probability - predictConversion method not implemented","invocations":1,"location":null,"numPassingAsserts":0,"retryReasons":[],"startAt":1755214913041,"status":"pending","title":"should predict conversion probability - predictConversion method not implemented"},{"ancestorTitles":["PredictiveSalesEngine","Unimplemented Methods - Tests Skipped"],"duration":null,"failing":false,"failureDetails":[],"failureMessages":[],"fullName":"PredictiveSalesEngine Unimplemented Methods - Tests Skipped should segment leads by quality tier - segmentLeads method not implemented","invocations":1,"location":null,"numPassingAsserts":0,"retryReasons":[],"startAt":1755214913041,"status":"pending","title":"should segment leads by quality tier - segmentLeads method not implemented"},{"ancestorTitles":["PredictiveSalesEngine","Unimplemented Methods - Tests Skipped"],"duration":null,"failing":false,"failureDetails":[],"failureMessages":[],"fullName":"PredictiveSalesEngine Unimplemented Methods - Tests Skipped should create nurture campaign for cold leads - createNurtureCampaign method not implemented","invocations":1,"location":null,"numPassingAsserts":0,"retryReasons":[],"startAt":1755214913041,"status":"pending","title":"should create nurture campaign for cold leads - createNurtureCampaign method not implemented"},{"ancestorTitles":["PredictiveSalesEngine","Unimplemented Methods - Tests Skipped"],"duration":null,"failing":false,"failureDetails":[],"failureMessages":[],"fullName":"PredictiveSalesEngine Unimplemented Methods - Tests Skipped should accelerate warm leads to conversion - createNurtureCampaign method not implemented","invocations":1,"location":null,"numPassingAsserts":0,"retryReasons":[],"startAt":1755214913041,"status":"pending","title":"should accelerate warm leads to conversion - createNurtureCampaign method not implemented"},{"ancestorTitles":["PredictiveSalesEngine","Unimplemented Methods - Tests Skipped"],"duration":null,"failing":false,"failureDetails":[],"failureMessages":[],"fullName":"PredictiveSalesEngine Unimplemented Methods - Tests Skipped should re-engage stale leads - reEngageLead method not implemented","invocations":1,"location":null,"numPassingAsserts":0,"retryReasons":[],"startAt":1755214913041,"status":"pending","title":"should re-engage stale leads - reEngageLead method not implemented"},{"ancestorTitles":["PredictiveSalesEngine","Unimplemented Methods - Tests Skipped"],"duration":null,"failing":false,"failureDetails":[],"failureMessages":[],"fullName":"PredictiveSalesEngine Unimplemented Methods - Tests Skipped should automate follow-up sequences - createFollowUpSequence is private method","invocations":1,"location":null,"numPassingAsserts":0,"retryReasons":[],"startAt":1755214913041,"status":"pending","title":"should automate follow-up sequences - createFollowUpSequence is private method"},{"ancestorTitles":["PredictiveSalesEngine","Unimplemented Methods - Tests Skipped"],"duration":null,"failing":false,"failureDetails":[],"failureMessages":[],"fullName":"PredictiveSalesEngine Unimplemented Methods - Tests Skipped should trigger alerts for hot leads - checkLeadAlerts method not implemented","invocations":1,"location":null,"numPassingAsserts":0,"retryReasons":[],"startAt":1755214913041,"status":"pending","title":"should trigger alerts for hot leads - checkLeadAlerts method not implemented"},{"ancestorTitles":["PredictiveSalesEngine","Unimplemented Methods - Tests Skipped"],"duration":null,"failing":false,"failureDetails":[],"failureMessages":[],"fullName":"PredictiveSalesEngine Unimplemented Methods - Tests Skipped should optimize contact timing - optimizeContactTiming method not implemented","invocations":1,"location":null,"numPassingAsserts":0,"retryReasons":[],"startAt":1755214913041,"status":"pending","title":"should optimize contact timing - optimizeContactTiming method not implemented"},{"ancestorTitles":["PredictiveSalesEngine","Unimplemented Methods - Tests Skipped"],"duration":null,"failing":false,"failureDetails":[],"failureMessages":[],"fullName":"PredictiveSalesEngine Unimplemented Methods - Tests Skipped should identify conversion bottlenecks - analyzeFunnel method not implemented","invocations":1,"location":null,"numPassingAsserts":0,"retryReasons":[],"startAt":1755214913041,"status":"pending","title":"should identify conversion bottlenecks - analyzeFunnel method not implemented"},{"ancestorTitles":["PredictiveSalesEngine","Unimplemented Methods - Tests Skipped"],"duration":null,"failing":false,"failureDetails":[],"failureMessages":[],"fullName":"PredictiveSalesEngine Unimplemented Methods - Tests Skipped should A/B test messaging variations - runABTest method not implemented","invocations":1,"location":null,"numPassingAsserts":0,"retryReasons":[],"startAt":1755214913041,"status":"pending","title":"should A/B test messaging variations - runABTest method not implemented"},{"ancestorTitles":["PredictiveSalesEngine","Unimplemented Methods - Tests Skipped"],"duration":null,"failing":false,"failureDetails":[],"failureMessages":[],"fullName":"PredictiveSalesEngine Unimplemented Methods - Tests Skipped should predict deal velocity - predictDealVelocity method not implemented","invocations":1,"location":null,"numPassingAsserts":0,"retryReasons":[],"startAt":1755214913041,"status":"pending","title":"should predict deal velocity - predictDealVelocity method not implemented"},{"ancestorTitles":["PredictiveSalesEngine","Unimplemented Methods - Tests Skipped"],"duration":null,"failing":false,"failureDetails":[],"failureMessages":[],"fullName":"PredictiveSalesEngine Unimplemented Methods - Tests Skipped should forecast pipeline revenue - forecastRevenue method not implemented","invocations":1,"location":null,"numPassingAsserts":0,"retryReasons":[],"startAt":1755214913041,"status":"pending","title":"should forecast pipeline revenue - forecastRevenue method not implemented"},{"ancestorTitles":["PredictiveSalesEngine","Unimplemented Methods - Tests Skipped"],"duration":null,"failing":false,"failureDetails":[],"failureMessages":[],"fullName":"PredictiveSalesEngine Unimplemented Methods - Tests Skipped should calculate customer lifetime value - calculateCLV method not implemented","invocations":1,"location":null,"numPassingAsserts":0,"retryReasons":[],"startAt":1755214913041,"status":"pending","title":"should calculate customer lifetime value - calculateCLV method not implemented"},{"ancestorTitles":["PredictiveSalesEngine","Unimplemented Methods - Tests Skipped"],"duration":null,"failing":false,"failureDetails":[],"failureMessages":[],"fullName":"PredictiveSalesEngine Unimplemented Methods - Tests Skipped should identify upsell opportunities - identifyUpsellOpportunities method not implemented","invocations":1,"location":null,"numPassingAsserts":0,"retryReasons":[],"startAt":1755214913041,"status":"pending","title":"should identify upsell opportunities - identifyUpsellOpportunities method not implemented"},{"ancestorTitles":["PredictiveSalesEngine","Unimplemented Methods - Tests Skipped"],"duration":null,"failing":false,"failureDetails":[],"failureMessages":[],"fullName":"PredictiveSalesEngine Unimplemented Methods - Tests Skipped should analyze competitive positioning - analyzeCompetitivePosition method not implemented","invocations":1,"location":null,"numPassingAsserts":0,"retryReasons":[],"startAt":1755214913042,"status":"pending","title":"should analyze competitive positioning - analyzeCompetitivePosition method not implemented"},{"ancestorTitles":["PredictiveSalesEngine","Unimplemented Methods - Tests Skipped"],"duration":null,"failing":false,"failureDetails":[],"failureMessages":[],"fullName":"PredictiveSalesEngine Unimplemented Methods - Tests Skipped should generate competitive battle cards - generateBattleCard method not implemented","invocations":1,"location":null,"numPassingAsserts":0,"retryReasons":[],"startAt":1755214913042,"status":"pending","title":"should generate competitive battle cards - generateBattleCard method not implemented"},{"ancestorTitles":["PredictiveSalesEngine","Unimplemented Methods - Tests Skipped"],"duration":null,"failing":false,"failureDetails":[],"failureMessages":[],"fullName":"PredictiveSalesEngine Unimplemented Methods - Tests Skipped should track sales team performance - getTeamPerformance method not implemented","invocations":1,"location":null,"numPassingAsserts":0,"retryReasons":[],"startAt":1755214913042,"status":"pending","title":"should track sales team performance - getTeamPerformance method not implemented"},{"ancestorTitles":["PredictiveSalesEngine","Unimplemented Methods - Tests Skipped"],"duration":null,"failing":false,"failureDetails":[],"failureMessages":[],"fullName":"PredictiveSalesEngine Unimplemented Methods - Tests Skipped should identify best practices from top performers - analyzeBestPractices method not implemented","invocations":1,"location":null,"numPassingAsserts":0,"retryReasons":[],"startAt":1755214913042,"status":"pending","title":"should identify best practices from top performers - analyzeBestPractices method not implemented"},{"ancestorTitles":["PredictiveSalesEngine","Unimplemented Methods - Tests Skipped"],"duration":null,"failing":false,"failureDetails":[],"failureMessages":[],"fullName":"PredictiveSalesEngine Unimplemented Methods - Tests Skipped should integrate with CRM systems - syncWithCRM method not implemented","invocations":1,"location":null,"numPassingAsserts":0,"retryReasons":[],"startAt":1755214913042,"status":"pending","title":"should integrate with CRM systems - syncWithCRM method not implemented"},{"ancestorTitles":["PredictiveSalesEngine","Unimplemented Methods - Tests Skipped"],"duration":null,"failing":false,"failureDetails":[],"failureMessages":[],"fullName":"PredictiveSalesEngine Unimplemented Methods - Tests Skipped should export leads for marketing automation - exportToMarketingAutomation method not implemented","invocations":1,"location":null,"numPassingAsserts":0,"retryReasons":[],"startAt":1755214913042,"status":"pending","title":"should export leads for marketing automation - exportToMarketingAutomation method not implemented"}],"endTime":1755214913045,"message":"","name":"C:\\Users\\cmcal\\OneDrive\\Documents\\serenity-sober-pathways-guide\\tests\\unit\\services\\PredictiveSalesEngine.test.ts","startTime":1755214906468,"status":"focused","summary":""},{"assertionResults":[],"coverage":{},"endTime":1755214951702,"message":"  ● Test suite failed to run\n\n    Jest encountered an unexpected token\n\n    Jest failed to parse a file. This happens e.g. when your code or its dependencies use non-standard JavaScript syntax, or when Jest is not configured to support such syntax.\n\n    Out of the box Jest supports Babel, which will be used to transform your files into valid JS based on your Babel configuration.\n\n    By default \"node_modules\" folder is ignored by transformers.\n\n    Here's what you can do:\n     • If you are trying to use ECMAScript Modules, see https://jestjs.io/docs/ecmascript-modules for how to enable it.\n     • If you are trying to use TypeScript, see https://jestjs.io/docs/getting-started#using-typescript\n     • To have some of your \"node_modules\" files transformed, you can specify a custom \"transformIgnorePatterns\" in your config.\n     • If you need a custom transformation, specify a \"transform\" option in your config.\n     • If you simply want to mock your non-JS modules (e.g. binary assets) you can stub them out with the \"moduleNameMapper\" config option.\n\n    You'll find more details and examples of these config options in the docs:\n    https://jestjs.io/docs/configuration\n    For information about custom transformations, see:\n    https://jestjs.io/docs/code-transformation\n\n    Details:\n\n    C:\\Users\\cmcal\\OneDrive\\Documents\\serenity-sober-pathways-guide\\src\\integrations\\supabase\\client.ts:10\n    const VITE_ENV = (typeof import.meta !== 'undefined' ? import.meta.env : {}) || {};\n                                    ^^^^\n\n    SyntaxError: Cannot use 'import.meta' outside a module\n\n    \u001b[0m \u001b[90m  5 |\u001b[39m \u001b[90m */\u001b[39m\n     \u001b[90m  6 |\u001b[39m\n    \u001b[31m\u001b[1m>\u001b[22m\u001b[39m\u001b[90m  7 |\u001b[39m \u001b[36mimport\u001b[39m { supabase } \u001b[36mfrom\u001b[39m \u001b[32m'@/integrations/supabase/client'\u001b[39m\u001b[33m;\u001b[39m\n     \u001b[90m    |\u001b[39m \u001b[31m\u001b[1m^\u001b[22m\u001b[39m\n     \u001b[90m  8 |\u001b[39m \u001b[36mimport\u001b[39m { enhancedSecurityAuditService } \u001b[36mfrom\u001b[39m \u001b[32m'./EnhancedSecurityAuditService'\u001b[39m\u001b[33m;\u001b[39m\n     \u001b[90m  9 |\u001b[39m\n     \u001b[90m 10 |\u001b[39m \u001b[36minterface\u001b[39m \u001b[33mCMSReimbursementData\u001b[39m {\u001b[0m\n\n      at Runtime.createScriptFromCode (node_modules/jest-runtime/build/index.js:1316:40)\n      at Object.<anonymous> (src/services/ROIValidationService.ts:7:1)\n      at Object.<anonymous> (tests/unit/services/ROIValidationService.test.ts:7:1)\n","name":"C:\\Users\\cmcal\\OneDrive\\Documents\\serenity-sober-pathways-guide\\tests\\unit\\services\\ROIValidationService.test.ts","startTime":1755214951702,"status":"failed","summary":""},{"assertionResults":[{"ancestorTitles":["FinancialModelService","LTV Calculations"],"duration":18,"failing":false,"failureDetails":[],"failureMessages":[],"fullName":"FinancialModelService LTV Calculations should calculate LTV for a specific customer","invocations":1,"location":null,"numPassingAsserts":3,"retryReasons":[],"startAt":1755214913300,"status":"passed","title":"should calculate LTV for a specific customer"},{"ancestorTitles":["FinancialModelService","LTV Calculations"],"duration":4,"failing":false,"failureDetails":[],"failureMessages":[],"fullName":"FinancialModelService LTV Calculations should calculate LTV for a specific segment","invocations":1,"location":null,"numPassingAsserts":2,"retryReasons":[],"startAt":1755214913320,"status":"passed","title":"should calculate LTV for a specific segment"},{"ancestorTitles":["FinancialModelService","LTV Calculations"],"duration":43,"failing":false,"failureDetails":[],"failureMessages":[],"fullName":"FinancialModelService LTV Calculations should handle LTV calculation errors gracefully","invocations":1,"location":null,"numPassingAsserts":2,"retryReasons":[],"startAt":1755214913324,"status":"passed","title":"should handle LTV calculation errors gracefully"},{"ancestorTitles":["FinancialModelService","LTV Calculations"],"duration":1,"failing":false,"failureDetails":[],"failureMessages":[],"fullName":"FinancialModelService LTV Calculations should validate LTV calculation formulas","invocations":1,"location":null,"numPassingAsserts":1,"retryReasons":[],"startAt":1755214913367,"status":"passed","title":"should validate LTV calculation formulas"},{"ancestorTitles":["FinancialModelService","CAC Calculations"],"duration":8,"failing":false,"failureDetails":[],"failureMessages":[],"fullName":"FinancialModelService CAC Calculations should calculate CAC by acquisition channel","invocations":1,"location":null,"numPassingAsserts":5,"retryReasons":[],"startAt":1755214913368,"status":"passed","title":"should calculate CAC by acquisition channel"},{"ancestorTitles":["FinancialModelService","CAC Calculations"],"duration":2,"failing":false,"failureDetails":[],"failureMessages":[],"fullName":"FinancialModelService CAC Calculations should calculate CAC breakdown correctly","invocations":1,"location":null,"numPassingAsserts":9,"retryReasons":[],"startAt":1755214913376,"status":"passed","title":"should calculate CAC breakdown correctly"},{"ancestorTitles":["FinancialModelService","CAC Calculations"],"duration":1,"failing":false,"failureDetails":[],"failureMessages":[],"fullName":"FinancialModelService CAC Calculations should handle zero customer acquisition safely","invocations":1,"location":null,"numPassingAsserts":2,"retryReasons":[],"startAt":1755214913378,"status":"passed","title":"should handle zero customer acquisition safely"},{"ancestorTitles":["FinancialModelService","COGS Calculations"],"duration":1,"failing":false,"failureDetails":[],"failureMessages":[],"fullName":"FinancialModelService COGS Calculations should calculate comprehensive COGS breakdown","invocations":1,"location":null,"numPassingAsserts":1,"retryReasons":[],"startAt":1755214913380,"status":"passed","title":"should calculate comprehensive COGS breakdown"},{"ancestorTitles":["FinancialModelService","COGS Calculations"],"duration":1,"failing":false,"failureDetails":[],"failureMessages":[],"fullName":"FinancialModelService COGS Calculations should calculate margin percentage correctly","invocations":1,"location":null,"numPassingAsserts":1,"retryReasons":[],"startAt":1755214913381,"status":"passed","title":"should calculate margin percentage correctly"},{"ancestorTitles":["FinancialModelService","COGS Calculations"],"duration":1,"failing":false,"failureDetails":[],"failureMessages":[],"fullName":"FinancialModelService COGS Calculations should handle zero customers in COGS calculation","invocations":1,"location":null,"numPassingAsserts":2,"retryReasons":[],"startAt":1755214913382,"status":"passed","title":"should handle zero customers in COGS calculation"},{"ancestorTitles":["FinancialModelService","Pricing Tier Validation"],"duration":3,"failing":false,"failureDetails":[],"failureMessages":[],"fullName":"FinancialModelService Pricing Tier Validation should validate all pricing tiers against ROI projections","invocations":1,"location":null,"numPassingAsserts":6,"retryReasons":[],"startAt":1755214913383,"status":"passed","title":"should validate all pricing tiers against ROI projections"},{"ancestorTitles":["FinancialModelService","Pricing Tier Validation"],"duration":1,"failing":false,"failureDetails":[],"failureMessages":[],"fullName":"FinancialModelService Pricing Tier Validation should mark tiers as viable when validation score is high","invocations":1,"location":null,"numPassingAsserts":3,"retryReasons":[],"startAt":1755214913386,"status":"passed","title":"should mark tiers as viable when validation score is high"},{"ancestorTitles":["FinancialModelService","Pricing Tier Validation"],"duration":3,"failing":false,"failureDetails":[],"failureMessages":[],"fullName":"FinancialModelService Pricing Tier Validation should assess competitive positioning correctly","invocations":1,"location":null,"numPassingAsserts":3,"retryReasons":[],"startAt":1755214913388,"status":"passed","title":"should assess competitive positioning correctly"},{"ancestorTitles":["FinancialModelService","SaaS Metrics Calculations"],"duration":3,"failing":false,"failureDetails":[],"failureMessages":[],"fullName":"FinancialModelService SaaS Metrics Calculations should calculate comprehensive SaaS metrics","invocations":1,"location":null,"numPassingAsserts":5,"retryReasons":[],"startAt":1755214913392,"status":"passed","title":"should calculate comprehensive SaaS metrics"},{"ancestorTitles":["FinancialModelService","SaaS Metrics Calculations"],"duration":1,"failing":false,"failureDetails":[],"failureMessages":[],"fullName":"FinancialModelService SaaS Metrics Calculations should calculate healthy SaaS metric ratios","invocations":1,"location":null,"numPassingAsserts":6,"retryReasons":[],"startAt":1755214913395,"status":"passed","title":"should calculate healthy SaaS metric ratios"},{"ancestorTitles":["FinancialModelService","Break-Even Analysis"],"duration":2,"failing":false,"failureDetails":[],"failureMessages":[],"fullName":"FinancialModelService Break-Even Analysis should calculate break-even points for all segments","invocations":1,"location":null,"numPassingAsserts":9,"retryReasons":[],"startAt":1755214913396,"status":"passed","title":"should calculate break-even points for all segments"},{"ancestorTitles":["FinancialModelService","Break-Even Analysis"],"duration":2,"failing":false,"failureDetails":[],"failureMessages":[],"fullName":"FinancialModelService Break-Even Analysis should show enterprise tier has best economics","invocations":1,"location":null,"numPassingAsserts":2,"retryReasons":[],"startAt":1755214913398,"status":"passed","title":"should show enterprise tier has best economics"},{"ancestorTitles":["FinancialModelService","Investor Report Generation"],"duration":3,"failing":false,"failureDetails":[],"failureMessages":[],"fullName":"FinancialModelService Investor Report Generation should generate comprehensive investor report","invocations":1,"location":null,"numPassingAsserts":1,"retryReasons":[],"startAt":1755214913400,"status":"passed","title":"should generate comprehensive investor report"},{"ancestorTitles":["FinancialModelService","Investor Report Generation"],"duration":3,"failing":false,"failureDetails":[],"failureMessages":[],"fullName":"FinancialModelService Investor Report Generation should include key insights based on metrics","invocations":1,"location":null,"numPassingAsserts":3,"retryReasons":[],"startAt":1755214913403,"status":"passed","title":"should include key insights based on metrics"},{"ancestorTitles":["FinancialModelService","Investor Report Generation"],"duration":6,"failing":false,"failureDetails":[],"failureMessages":[],"fullName":"FinancialModelService Investor Report Generation should generate 36-month financial projections","invocations":1,"location":null,"numPassingAsserts":37,"retryReasons":[],"startAt":1755214913407,"status":"passed","title":"should generate 36-month financial projections"},{"ancestorTitles":["FinancialModelService","Financial Scenario Modeling"],"duration":4,"failing":false,"failureDetails":[],"failureMessages":[],"fullName":"FinancialModelService Financial Scenario Modeling should model multiple financial scenarios","invocations":1,"location":null,"numPassingAsserts":5,"retryReasons":[],"startAt":1755214913413,"status":"passed","title":"should model multiple financial scenarios"},{"ancestorTitles":["FinancialModelService","Financial Scenario Modeling"],"duration":3,"failing":false,"failureDetails":[],"failureMessages":[],"fullName":"FinancialModelService Financial Scenario Modeling should generate sensitivity analysis for each scenario","invocations":1,"location":null,"numPassingAsserts":15,"retryReasons":[],"startAt":1755214913417,"status":"passed","title":"should generate sensitivity analysis for each scenario"},{"ancestorTitles":["FinancialModelService","Financial Scenario Modeling"],"duration":2,"failing":false,"failureDetails":[],"failureMessages":[],"fullName":"FinancialModelService Financial Scenario Modeling should show logical progression across scenarios","invocations":1,"location":null,"numPassingAsserts":4,"retryReasons":[],"startAt":1755214913420,"status":"passed","title":"should show logical progression across scenarios"},{"ancestorTitles":["FinancialModelService","Integration with ROIValidationService"],"duration":3,"failing":false,"failureDetails":[],"failureMessages":[],"fullName":"FinancialModelService Integration with ROIValidationService should integrate with ROI validation for pricing validation","invocations":1,"location":null,"numPassingAsserts":4,"retryReasons":[],"startAt":1755214913423,"status":"passed","title":"should integrate with ROI validation for pricing validation"},{"ancestorTitles":["FinancialModelService","Integration with ROIValidationService"],"duration":2,"failing":false,"failureDetails":[],"failureMessages":[],"fullName":"FinancialModelService Integration with ROIValidationService should handle ROI validation failures gracefully","invocations":1,"location":null,"numPassingAsserts":2,"retryReasons":[],"startAt":1755214913426,"status":"passed","title":"should handle ROI validation failures gracefully"},{"ancestorTitles":["FinancialModelService","Security and Audit Logging"],"duration":1,"failing":false,"failureDetails":[{}],"failureMessages":["TypeError: client_1.supabase.from(...).select(...).eq(...).single is not a function\n    at FinancialModelService.<anonymous> (C:\\Users\\cmcal\\OneDrive\\Documents\\serenity-sober-pathways-guide\\src\\services\\FinancialModelService.ts:341:12)\n    at Generator.next (<anonymous>)\n    at fulfilled (C:\\Users\\cmcal\\OneDrive\\Documents\\serenity-sober-pathways-guide\\src\\services\\FinancialModelService.ts:18:58)\n    at processTicksAndRejections (node:internal/process/task_queues:105:5)"],"fullName":"FinancialModelService Security and Audit Logging should log security events for all major operations","invocations":1,"location":null,"numPassingAsserts":0,"retryReasons":[],"startAt":1755214913428,"status":"failed","title":"should log security events for all major operations"},{"ancestorTitles":["FinancialModelService","Security and Audit Logging"],"duration":18,"failing":false,"failureDetails":[],"failureMessages":[],"fullName":"FinancialModelService Security and Audit Logging should log completion events with metrics","invocations":1,"location":null,"numPassingAsserts":1,"retryReasons":[],"startAt":1755214913445,"status":"passed","title":"should log completion events with metrics"},{"ancestorTitles":["FinancialModelService","Edge Cases and Error Handling"],"duration":2,"failing":false,"failureDetails":[],"failureMessages":[],"fullName":"FinancialModelService Edge Cases and Error Handling should handle database connection failures","invocations":1,"location":null,"numPassingAsserts":1,"retryReasons":[],"startAt":1755214913464,"status":"passed","title":"should handle database connection failures"},{"ancestorTitles":["FinancialModelService","Edge Cases and Error Handling"],"duration":0,"failing":false,"failureDetails":[{}],"failureMessages":["Error: Database connection failed\n    at Object.<anonymous> (C:\\Users\\cmcal\\OneDrive\\Documents\\serenity-sober-pathways-guide\\tests\\unit\\services\\FinancialModelService.test.ts:716:15)\n    at C:\\Users\\cmcal\\OneDrive\\Documents\\serenity-sober-pathways-guide\\node_modules\\jest-mock\\build\\index.js:305:39\n    at Object.<anonymous> (C:\\Users\\cmcal\\OneDrive\\Documents\\serenity-sober-pathways-guide\\node_modules\\jest-mock\\build\\index.js:312:13)\n    at Object.mockConstructor [as from] (C:\\Users\\cmcal\\OneDrive\\Documents\\serenity-sober-pathways-guide\\node_modules\\jest-mock\\build\\index.js:102:19)\n    at FinancialModelService.<anonymous> (C:\\Users\\cmcal\\OneDrive\\Documents\\serenity-sober-pathways-guide\\src\\services\\FinancialModelService.ts:338:12)\n    at Generator.next (<anonymous>)\n    at fulfilled (C:\\Users\\cmcal\\OneDrive\\Documents\\serenity-sober-pathways-guide\\src\\services\\FinancialModelService.ts:18:58)\n    at processTicksAndRejections (node:internal/process/task_queues:105:5)"],"fullName":"FinancialModelService Edge Cases and Error Handling should handle division by zero in calculations","invocations":1,"location":null,"numPassingAsserts":0,"retryReasons":[],"startAt":1755214913466,"status":"failed","title":"should handle division by zero in calculations"},{"ancestorTitles":["FinancialModelService","Edge Cases and Error Handling"],"duration":1,"failing":false,"failureDetails":[],"failureMessages":[],"fullName":"FinancialModelService Edge Cases and Error Handling should handle empty data gracefully","invocations":1,"location":null,"numPassingAsserts":1,"retryReasons":[],"startAt":1755214913469,"status":"passed","title":"should handle empty data gracefully"},{"ancestorTitles":["FinancialModelService","Performance Considerations"],"duration":6,"failing":false,"failureDetails":[{"matcherResult":{"message":"expect(received).toHaveLength(expected)\n\nExpected length: 1000\nReceived length: 0\nReceived array:  []","pass":false}}],"failureMessages":["Error: expect(received).toHaveLength(expected)\n\nExpected length: 1000\nReceived length: 0\nReceived array:  []\n    at C:\\Users\\cmcal\\OneDrive\\Documents\\serenity-sober-pathways-guide\\tests\\unit\\services\\FinancialModelService.test.ts:763:26\n    at Generator.next (<anonymous>)\n    at fulfilled (C:\\Users\\cmcal\\OneDrive\\Documents\\serenity-sober-pathways-guide\\tests\\unit\\services\\FinancialModelService.test.ts:18:58)\n    at processTicksAndRejections (node:internal/process/task_queues:105:5)"],"fullName":"FinancialModelService Performance Considerations should handle large customer datasets efficiently","invocations":1,"location":null,"numPassingAsserts":0,"retryReasons":[],"startAt":1755214913470,"status":"failed","title":"should handle large customer datasets efficiently"}],"endTime":1755214913541,"message":"  ● FinancialModelService › Security and Audit Logging › should log security events for all major operations\n\n    TypeError: client_1.supabase.from(...).select(...).eq(...).single is not a function\n\n    \u001b[0m \u001b[90m 339 |\u001b[39m           \u001b[33m.\u001b[39mselect(\u001b[32m'*'\u001b[39m)\n     \u001b[90m 340 |\u001b[39m           \u001b[33m.\u001b[39meq(\u001b[32m'id'\u001b[39m\u001b[33m,\u001b[39m customerId)\n    \u001b[31m\u001b[1m>\u001b[22m\u001b[39m\u001b[90m 341 |\u001b[39m           \u001b[33m.\u001b[39msingle()\u001b[33m;\u001b[39m\n     \u001b[90m     |\u001b[39m            \u001b[31m\u001b[1m^\u001b[22m\u001b[39m\n     \u001b[90m 342 |\u001b[39m         customers \u001b[33m=\u001b[39m data \u001b[33m?\u001b[39m [data] \u001b[33m:\u001b[39m []\u001b[33m;\u001b[39m\n     \u001b[90m 343 |\u001b[39m       } \u001b[36melse\u001b[39m \u001b[36mif\u001b[39m (segment) {\n     \u001b[90m 344 |\u001b[39m         \u001b[36mconst\u001b[39m { data } \u001b[33m=\u001b[39m \u001b[36mawait\u001b[39m supabase\u001b[0m\n\n      at FinancialModelService.<anonymous> (src/services/FinancialModelService.ts:341:12)\n      at fulfilled (src/services/FinancialModelService.ts:18:58)\n\n  ● FinancialModelService › Edge Cases and Error Handling › should handle division by zero in calculations\n\n    Database connection failed\n\n    \u001b[0m \u001b[90m 714 |\u001b[39m     it(\u001b[32m'should handle database connection failures'\u001b[39m\u001b[33m,\u001b[39m \u001b[36masync\u001b[39m () \u001b[33m=>\u001b[39m {\n     \u001b[90m 715 |\u001b[39m       mockSupabase\u001b[33m.\u001b[39m\u001b[36mfrom\u001b[39m\u001b[33m.\u001b[39mmockImplementation(() \u001b[33m=>\u001b[39m {\n    \u001b[31m\u001b[1m>\u001b[22m\u001b[39m\u001b[90m 716 |\u001b[39m         \u001b[36mthrow\u001b[39m \u001b[36mnew\u001b[39m \u001b[33mError\u001b[39m(\u001b[32m'Database connection failed'\u001b[39m)\u001b[33m;\u001b[39m\n     \u001b[90m     |\u001b[39m               \u001b[31m\u001b[1m^\u001b[22m\u001b[39m\n     \u001b[90m 717 |\u001b[39m       })\u001b[33m;\u001b[39m\n     \u001b[90m 718 |\u001b[39m\n     \u001b[90m 719 |\u001b[39m       \u001b[36mawait\u001b[39m expect(financialModelService\u001b[33m.\u001b[39mcalculateLTV())\u001b[33m.\u001b[39mrejects\u001b[33m.\u001b[39mtoThrow(\u001b[32m'Database connection failed'\u001b[39m)\u001b[33m;\u001b[39m\u001b[0m\n\n      at Object.<anonymous> (tests/unit/services/FinancialModelService.test.ts:716:15)\n      at FinancialModelService.<anonymous> (src/services/FinancialModelService.ts:338:12)\n      at fulfilled (src/services/FinancialModelService.ts:18:58)\n\n  ● FinancialModelService › Performance Considerations › should handle large customer datasets efficiently\n\n    expect(received).toHaveLength(expected)\n\n    Expected length: 1000\n    Received length: 0\n    Received array:  []\n\n    \u001b[0m \u001b[90m 761 |\u001b[39m       \u001b[36mconst\u001b[39m endTime \u001b[33m=\u001b[39m \u001b[33mDate\u001b[39m\u001b[33m.\u001b[39mnow()\u001b[33m;\u001b[39m\n     \u001b[90m 762 |\u001b[39m\n    \u001b[31m\u001b[1m>\u001b[22m\u001b[39m\u001b[90m 763 |\u001b[39m       expect(ltvMetrics)\u001b[33m.\u001b[39mtoHaveLength(\u001b[35m1000\u001b[39m)\u001b[33m;\u001b[39m\n     \u001b[90m     |\u001b[39m                          \u001b[31m\u001b[1m^\u001b[22m\u001b[39m\n     \u001b[90m 764 |\u001b[39m       expect(endTime \u001b[33m-\u001b[39m startTime)\u001b[33m.\u001b[39mtoBeLessThan(\u001b[35m5000\u001b[39m)\u001b[33m;\u001b[39m \u001b[90m// Should complete within 5 seconds\u001b[39m\n     \u001b[90m 765 |\u001b[39m     })\u001b[33m;\u001b[39m\n     \u001b[90m 766 |\u001b[39m   })\u001b[33m;\u001b[39m\u001b[0m\n\n      at tests/unit/services/FinancialModelService.test.ts:763:26\n      at fulfilled (tests/unit/services/FinancialModelService.test.ts:18:58)\n","name":"C:\\Users\\cmcal\\OneDrive\\Documents\\serenity-sober-pathways-guide\\tests\\unit\\services\\FinancialModelService.test.ts","startTime":1755214906469,"status":"failed","summary":""},{"assertionResults":[{"ancestorTitles":["CarePlanService","Care Plan CRUD Operations"],"duration":5,"failing":false,"failureDetails":[],"failureMessages":[],"fullName":"CarePlanService Care Plan CRUD Operations should create a new care plan with proper fields","invocations":1,"location":null,"numPassingAsserts":2,"retryReasons":[],"startAt":1755214913733,"status":"passed","title":"should create a new care plan with proper fields"},{"ancestorTitles":["CarePlanService","Care Plan CRUD Operations"],"duration":5,"failing":false,"failureDetails":[],"failureMessages":[],"fullName":"CarePlanService Care Plan CRUD Operations should retrieve provider care plans with proper filtering","invocations":1,"location":null,"numPassingAsserts":3,"retryReasons":[],"startAt":1755214913738,"status":"passed","title":"should retrieve provider care plans with proper filtering"},{"ancestorTitles":["CarePlanService","Care Plan CRUD Operations"],"duration":2,"failing":false,"failureDetails":[],"failureMessages":[],"fullName":"CarePlanService Care Plan CRUD Operations should update care plan with version tracking","invocations":1,"location":null,"numPassingAsserts":2,"retryReasons":[],"startAt":1755214913743,"status":"passed","title":"should update care plan with version tracking"},{"ancestorTitles":["CarePlanService","Care Plan CRUD Operations"],"duration":1,"failing":false,"failureDetails":[],"failureMessages":[],"fullName":"CarePlanService Care Plan CRUD Operations should archive care plans properly","invocations":1,"location":null,"numPassingAsserts":2,"retryReasons":[],"startAt":1755214913745,"status":"passed","title":"should archive care plans properly"},{"ancestorTitles":["CarePlanService","Care Plan Goals Management"],"duration":1,"failing":false,"failureDetails":[],"failureMessages":[],"fullName":"CarePlanService Care Plan Goals Management should add goals to care plans","invocations":1,"location":null,"numPassingAsserts":1,"retryReasons":[],"startAt":1755214913746,"status":"passed","title":"should add goals to care plans"},{"ancestorTitles":["CarePlanService","Care Plan Goals Management"],"duration":1,"failing":false,"failureDetails":[],"failureMessages":[],"fullName":"CarePlanService Care Plan Goals Management should update goal progress and auto-complete at 100%","invocations":1,"location":null,"numPassingAsserts":2,"retryReasons":[],"startAt":1755214913747,"status":"passed","title":"should update goal progress and auto-complete at 100%"},{"ancestorTitles":["CarePlanService","Care Plan Goals Management"],"duration":0,"failing":false,"failureDetails":[],"failureMessages":[],"fullName":"CarePlanService Care Plan Goals Management should retrieve goals sorted by priority","invocations":1,"location":null,"numPassingAsserts":2,"retryReasons":[],"startAt":1755214913748,"status":"passed","title":"should retrieve goals sorted by priority"},{"ancestorTitles":["CarePlanService","Progress Notes"],"duration":1,"failing":false,"failureDetails":[],"failureMessages":[],"fullName":"CarePlanService Progress Notes should add progress notes with proper metadata","invocations":1,"location":null,"numPassingAsserts":1,"retryReasons":[],"startAt":1755214913748,"status":"passed","title":"should add progress notes with proper metadata"},{"ancestorTitles":["CarePlanService","Progress Notes"],"duration":1,"failing":false,"failureDetails":[],"failureMessages":[],"fullName":"CarePlanService Progress Notes should retrieve progress notes in chronological order","invocations":1,"location":null,"numPassingAsserts":2,"retryReasons":[],"startAt":1755214913749,"status":"passed","title":"should retrieve progress notes in chronological order"},{"ancestorTitles":["CarePlanService","Analytics and Statistics"],"duration":1,"failing":false,"failureDetails":[],"failureMessages":[],"fullName":"CarePlanService Analytics and Statistics should calculate provider care plan statistics","invocations":1,"location":null,"numPassingAsserts":1,"retryReasons":[],"startAt":1755214913750,"status":"passed","title":"should calculate provider care plan statistics"},{"ancestorTitles":["CarePlanService","Analytics and Statistics"],"duration":0,"failing":false,"failureDetails":[],"failureMessages":[],"fullName":"CarePlanService Analytics and Statistics should calculate goal completion rate","invocations":1,"location":null,"numPassingAsserts":1,"retryReasons":[],"startAt":1755214913751,"status":"passed","title":"should calculate goal completion rate"},{"ancestorTitles":["CarePlanService","Analytics and Statistics"],"duration":2,"failing":false,"failureDetails":[],"failureMessages":[],"fullName":"CarePlanService Analytics and Statistics should identify plans requiring review","invocations":1,"location":null,"numPassingAsserts":2,"retryReasons":[],"startAt":1755214913751,"status":"passed","title":"should identify plans requiring review"},{"ancestorTitles":["CarePlanService","Care Plan Cloning"],"duration":9,"failing":false,"failureDetails":[{"matcherResult":{"actual":"active","expected":"draft","message":"expect(received).toBe(expected) // Object.is equality\n\nExpected: \"draft\"\nReceived: \"active\"","name":"toBe","pass":false}}],"failureMessages":["Error: expect(received).toBe(expected) // Object.is equality\n\nExpected: \"draft\"\nReceived: \"active\"\n    at C:\\Users\\cmcal\\OneDrive\\Documents\\serenity-sober-pathways-guide\\tests\\unit\\services\\carePlanService.test.ts:396:29\n    at Generator.next (<anonymous>)\n    at fulfilled (C:\\Users\\cmcal\\OneDrive\\Documents\\serenity-sober-pathways-guide\\tests\\unit\\services\\carePlanService.test.ts:5:58)\n    at processTicksAndRejections (node:internal/process/task_queues:105:5)"],"fullName":"CarePlanService Care Plan Cloning should clone care plan with goals for new patient","invocations":1,"location":null,"numPassingAsserts":1,"retryReasons":[],"startAt":1755214913753,"status":"failed","title":"should clone care plan with goals for new patient"}],"endTime":1755214913815,"message":"  ● CarePlanService › Care Plan Cloning › should clone care plan with goals for new patient\n\n    expect(received).toBe(expected) // Object.is equality\n\n    Expected: \"draft\"\n    Received: \"active\"\n\n    \u001b[0m \u001b[90m 394 |\u001b[39m\n     \u001b[90m 395 |\u001b[39m       expect(result\u001b[33m.\u001b[39mpatient_id)\u001b[33m.\u001b[39mtoBe(\u001b[32m'new-patient'\u001b[39m)\u001b[33m;\u001b[39m\n    \u001b[31m\u001b[1m>\u001b[22m\u001b[39m\u001b[90m 396 |\u001b[39m       expect(result\u001b[33m.\u001b[39mstatus)\u001b[33m.\u001b[39mtoBe(\u001b[32m'draft'\u001b[39m)\u001b[33m;\u001b[39m \u001b[90m// New clones start as draft\u001b[39m\n     \u001b[90m     |\u001b[39m                             \u001b[31m\u001b[1m^\u001b[22m\u001b[39m\n     \u001b[90m 397 |\u001b[39m     })\u001b[33m;\u001b[39m\n     \u001b[90m 398 |\u001b[39m   })\u001b[33m;\u001b[39m\n     \u001b[90m 399 |\u001b[39m })\u001b[33m;\u001b[39m\u001b[0m\n\n      at tests/unit/services/carePlanService.test.ts:396:29\n      at fulfilled (tests/unit/services/carePlanService.test.ts:5:58)\n","name":"C:\\Users\\cmcal\\OneDrive\\Documents\\serenity-sober-pathways-guide\\tests\\unit\\services\\carePlanService.test.ts","startTime":1755214913052,"status":"failed","summary":""},{"assertionResults":[],"coverage":{},"endTime":1755214951702,"message":"  ● Test suite failed to run\n\n    Jest encountered an unexpected token\n\n    Jest failed to parse a file. This happens e.g. when your code or its dependencies use non-standard JavaScript syntax, or when Jest is not configured to support such syntax.\n\n    Out of the box Jest supports Babel, which will be used to transform your files into valid JS based on your Babel configuration.\n\n    By default \"node_modules\" folder is ignored by transformers.\n\n    Here's what you can do:\n     • If you are trying to use ECMAScript Modules, see https://jestjs.io/docs/ecmascript-modules for how to enable it.\n     • If you are trying to use TypeScript, see https://jestjs.io/docs/getting-started#using-typescript\n     • To have some of your \"node_modules\" files transformed, you can specify a custom \"transformIgnorePatterns\" in your config.\n     • If you need a custom transformation, specify a \"transform\" option in your config.\n     • If you simply want to mock your non-JS modules (e.g. binary assets) you can stub them out with the \"moduleNameMapper\" config option.\n\n    You'll find more details and examples of these config options in the docs:\n    https://jestjs.io/docs/configuration\n    For information about custom transformations, see:\n    https://jestjs.io/docs/code-transformation\n\n    Details:\n\n    C:\\Users\\cmcal\\OneDrive\\Documents\\serenity-sober-pathways-guide\\src\\integrations\\supabase\\client.ts:10\n    const VITE_ENV = (typeof import.meta !== 'undefined' ? import.meta.env : {}) || {};\n                                    ^^^^\n\n    SyntaxError: Cannot use 'import.meta' outside a module\n\n    \u001b[0m \u001b[90m  5 |\u001b[39m \u001b[90m */\u001b[39m\n     \u001b[90m  6 |\u001b[39m\n    \u001b[31m\u001b[1m>\u001b[22m\u001b[39m\u001b[90m  7 |\u001b[39m \u001b[36mimport\u001b[39m { supabase } \u001b[36mfrom\u001b[39m \u001b[32m'@/integrations/supabase/client'\u001b[39m\u001b[33m;\u001b[39m\n     \u001b[90m    |\u001b[39m \u001b[31m\u001b[1m^\u001b[22m\u001b[39m\n     \u001b[90m  8 |\u001b[39m \u001b[36mimport\u001b[39m { enhancedSecurityAuditService } \u001b[36mfrom\u001b[39m \u001b[32m'@/services/EnhancedSecurityAuditService'\u001b[39m\u001b[33m;\u001b[39m\n     \u001b[90m  9 |\u001b[39m\n     \u001b[90m 10 |\u001b[39m \u001b[36mexport\u001b[39m type \u001b[33mUserRole\u001b[39m \u001b[33m=\u001b[39m \u001b[32m'patient'\u001b[39m \u001b[33m|\u001b[39m \u001b[32m'provider'\u001b[39m \u001b[33m|\u001b[39m \u001b[32m'supporter'\u001b[39m \u001b[33m|\u001b[39m \u001b[32m'admin'\u001b[39m\u001b[33m;\u001b[39m\u001b[0m\n\n      at Runtime.createScriptFromCode (node_modules/jest-runtime/build/index.js:1316:40)\n      at Object.<anonymous> (src/middleware/RolePermissionMiddleware.ts:7:1)\n      at Object.<anonymous> (tests/unit/middleware/RolePermissionMiddleware.test.ts:7:1)\n","name":"C:\\Users\\cmcal\\OneDrive\\Documents\\serenity-sober-pathways-guide\\tests\\unit\\middleware\\RolePermissionMiddleware.test.ts","startTime":1755214951702,"status":"failed","summary":""},{"assertionResults":[],"coverage":{},"endTime":1755214951702,"message":"  ● Test suite failed to run\n\n    Jest encountered an unexpected token\n\n    Jest failed to parse a file. This happens e.g. when your code or its dependencies use non-standard JavaScript syntax, or when Jest is not configured to support such syntax.\n\n    Out of the box Jest supports Babel, which will be used to transform your files into valid JS based on your Babel configuration.\n\n    By default \"node_modules\" folder is ignored by transformers.\n\n    Here's what you can do:\n     • If you are trying to use ECMAScript Modules, see https://jestjs.io/docs/ecmascript-modules for how to enable it.\n     • If you are trying to use TypeScript, see https://jestjs.io/docs/getting-started#using-typescript\n     • To have some of your \"node_modules\" files transformed, you can specify a custom \"transformIgnorePatterns\" in your config.\n     • If you need a custom transformation, specify a \"transform\" option in your config.\n     • If you simply want to mock your non-JS modules (e.g. binary assets) you can stub them out with the \"moduleNameMapper\" config option.\n\n    You'll find more details and examples of these config options in the docs:\n    https://jestjs.io/docs/configuration\n    For information about custom transformations, see:\n    https://jestjs.io/docs/code-transformation\n\n    Details:\n\n    C:\\Users\\cmcal\\OneDrive\\Documents\\serenity-sober-pathways-guide\\src\\middleware\\AISafetyMiddleware.ts:234\n            remediated = remediated.replace(/let's\\s+be\\s+friends/gi, 'I', m, here, to, support, you, professionally, ');, remediated = remediated.replace(/call\\s+me\\s+personally/gi, 'contact your care team'));\n                                                                                                                      ^^^^^^^^^^^^^^^^^^^^^^^^^^^^^^^^^^^^^^^^^^^^^^^^^^^^^^^^^^^^^^^^^^\n\n    SyntaxError: missing ) after argument list\n\n    \u001b[0m \u001b[90m  5 |\u001b[39m\n     \u001b[90m  6 |\u001b[39m \u001b[36mimport\u001b[39m { describe\u001b[33m,\u001b[39m it\u001b[33m,\u001b[39m expect\u001b[33m,\u001b[39m jest\u001b[33m,\u001b[39m beforeEach\u001b[33m,\u001b[39m afterEach } \u001b[36mfrom\u001b[39m \u001b[32m'@jest/globals'\u001b[39m\u001b[33m;\u001b[39m\n    \u001b[31m\u001b[1m>\u001b[22m\u001b[39m\u001b[90m  7 |\u001b[39m \u001b[36mimport\u001b[39m { \u001b[33mAISafetyMiddleware\u001b[39m } \u001b[36mfrom\u001b[39m \u001b[32m'@/middleware/AISafetyMiddleware'\u001b[39m\u001b[33m;\u001b[39m\n     \u001b[90m    |\u001b[39m \u001b[31m\u001b[1m^\u001b[22m\u001b[39m\n     \u001b[90m  8 |\u001b[39m \u001b[36mimport\u001b[39m { \u001b[33mAISafetyGuard\u001b[39m } \u001b[36mfrom\u001b[39m \u001b[32m'@/services/AISafetyGuard'\u001b[39m\u001b[33m;\u001b[39m\n     \u001b[90m  9 |\u001b[39m \u001b[36mimport\u001b[39m { \u001b[33mAgentResponse\u001b[39m } \u001b[36mfrom\u001b[39m \u001b[32m'@/agents/base/HealthcareAgent'\u001b[39m\u001b[33m;\u001b[39m\n     \u001b[90m 10 |\u001b[39m\u001b[0m\n\n      at Runtime.createScriptFromCode (node_modules/jest-runtime/build/index.js:1316:40)\n      at Object.<anonymous> (tests/unit/middleware/AISafetyMiddleware.test.ts:7:1)\n","name":"C:\\Users\\cmcal\\OneDrive\\Documents\\serenity-sober-pathways-guide\\tests\\unit\\middleware\\AISafetyMiddleware.test.ts","startTime":1755214951702,"status":"failed","summary":""},{"assertionResults":[],"coverage":{},"endTime":1755214951702,"message":"  ● Test suite failed to run\n\n    Jest encountered an unexpected token\n\n    Jest failed to parse a file. This happens e.g. when your code or its dependencies use non-standard JavaScript syntax, or when Jest is not configured to support such syntax.\n\n    Out of the box Jest supports Babel, which will be used to transform your files into valid JS based on your Babel configuration.\n\n    By default \"node_modules\" folder is ignored by transformers.\n\n    Here's what you can do:\n     • If you are trying to use ECMAScript Modules, see https://jestjs.io/docs/ecmascript-modules for how to enable it.\n     • If you are trying to use TypeScript, see https://jestjs.io/docs/getting-started#using-typescript\n     • To have some of your \"node_modules\" files transformed, you can specify a custom \"transformIgnorePatterns\" in your config.\n     • If you need a custom transformation, specify a \"transform\" option in your config.\n     • If you simply want to mock your non-JS modules (e.g. binary assets) you can stub them out with the \"moduleNameMapper\" config option.\n\n    You'll find more details and examples of these config options in the docs:\n    https://jestjs.io/docs/configuration\n    For information about custom transformations, see:\n    https://jestjs.io/docs/code-transformation\n\n    Details:\n\n    C:\\Users\\cmcal\\OneDrive\\Documents\\serenity-sober-pathways-guide\\src\\integrations\\supabase\\client.ts:10\n    const VITE_ENV = (typeof import.meta !== 'undefined' ? import.meta.env : {}) || {};\n                                    ^^^^\n\n    SyntaxError: Cannot use 'import.meta' outside a module\n\n    \u001b[0m \u001b[90m  5 |\u001b[39m \u001b[90m */\u001b[39m\n     \u001b[90m  6 |\u001b[39m\n    \u001b[31m\u001b[1m>\u001b[22m\u001b[39m\u001b[90m  7 |\u001b[39m \u001b[36mimport\u001b[39m { supabase } \u001b[36mfrom\u001b[39m \u001b[32m'@/integrations/supabase/client'\u001b[39m\u001b[33m;\u001b[39m\n     \u001b[90m    |\u001b[39m \u001b[31m\u001b[1m^\u001b[22m\u001b[39m\n     \u001b[90m  8 |\u001b[39m \u001b[36mimport\u001b[39m { \u001b[33mEnhancedSecurityAuditService\u001b[39m } \u001b[36mfrom\u001b[39m \u001b[32m'@/services/EnhancedSecurityAuditService'\u001b[39m\u001b[33m;\u001b[39m\n     \u001b[90m  9 |\u001b[39m \u001b[36mimport\u001b[39m { \u001b[33mEnhancedInputValidator\u001b[39m } \u001b[36mfrom\u001b[39m \u001b[32m'@/utils/enhancedInputValidator'\u001b[39m\u001b[33m;\u001b[39m\n     \u001b[90m 10 |\u001b[39m \u001b[36mimport\u001b[39m { secureUserDataService } \u001b[36mfrom\u001b[39m \u001b[32m'@/services/secureUserDataService'\u001b[39m\u001b[33m;\u001b[39m\u001b[0m\n\n      at Runtime.createScriptFromCode (node_modules/jest-runtime/build/index.js:1316:40)\n      at Object.<anonymous> (src/agents/base/HealthcareAgent.ts:7:1)\n      at Object.<anonymous> (src/agents/ProgressTrackingAgent.ts:7:1)\n      at Object.<anonymous> (tests/unit/agents/ProgressTrackingAgent.test.ts:7:1)\n","name":"C:\\Users\\cmcal\\OneDrive\\Documents\\serenity-sober-pathways-guide\\tests\\unit\\agents\\ProgressTrackingAgent.test.ts","startTime":1755214951702,"status":"failed","summary":""},{"assertionResults":[],"coverage":{},"endTime":1755214951702,"message":"  ● Test suite failed to run\n\n    Jest encountered an unexpected token\n\n    Jest failed to parse a file. This happens e.g. when your code or its dependencies use non-standard JavaScript syntax, or when Jest is not configured to support such syntax.\n\n    Out of the box Jest supports Babel, which will be used to transform your files into valid JS based on your Babel configuration.\n\n    By default \"node_modules\" folder is ignored by transformers.\n\n    Here's what you can do:\n     • If you are trying to use ECMAScript Modules, see https://jestjs.io/docs/ecmascript-modules for how to enable it.\n     • If you are trying to use TypeScript, see https://jestjs.io/docs/getting-started#using-typescript\n     • To have some of your \"node_modules\" files transformed, you can specify a custom \"transformIgnorePatterns\" in your config.\n     • If you need a custom transformation, specify a \"transform\" option in your config.\n     • If you simply want to mock your non-JS modules (e.g. binary assets) you can stub them out with the \"moduleNameMapper\" config option.\n\n    You'll find more details and examples of these config options in the docs:\n    https://jestjs.io/docs/configuration\n    For information about custom transformations, see:\n    https://jestjs.io/docs/code-transformation\n\n    Details:\n\n    C:\\Users\\cmcal\\OneDrive\\Documents\\serenity-sober-pathways-guide\\src\\integrations\\supabase\\client.ts:10\n    const VITE_ENV = (typeof import.meta !== 'undefined' ? import.meta.env : {}) || {};\n                                    ^^^^\n\n    SyntaxError: Cannot use 'import.meta' outside a module\n\n    \u001b[0m \u001b[90m  5 |\u001b[39m \u001b[90m */\u001b[39m\n     \u001b[90m  6 |\u001b[39m\n    \u001b[31m\u001b[1m>\u001b[22m\u001b[39m\u001b[90m  7 |\u001b[39m \u001b[36mimport\u001b[39m { supabase } \u001b[36mfrom\u001b[39m \u001b[32m'@/integrations/supabase/client'\u001b[39m\u001b[33m;\u001b[39m\n     \u001b[90m    |\u001b[39m \u001b[31m\u001b[1m^\u001b[22m\u001b[39m\n     \u001b[90m  8 |\u001b[39m \u001b[36mimport\u001b[39m { \u001b[33mSOC2ComplianceService\u001b[39m } \u001b[36mfrom\u001b[39m \u001b[32m'./SOC2ComplianceService'\u001b[39m\u001b[33m;\u001b[39m\n     \u001b[90m  9 |\u001b[39m \u001b[36mimport\u001b[39m { \u001b[33mAISafetyGuard\u001b[39m } \u001b[36mfrom\u001b[39m \u001b[32m'./AISafetyGuard'\u001b[39m\u001b[33m;\u001b[39m\n     \u001b[90m 10 |\u001b[39m \u001b[36mimport\u001b[39m { \u001b[33mPaymentGatewayService\u001b[39m } \u001b[36mfrom\u001b[39m \u001b[32m'./PaymentGatewayService'\u001b[39m\u001b[33m;\u001b[39m\u001b[0m\n\n      at Runtime.createScriptFromCode (node_modules/jest-runtime/build/index.js:1316:40)\n      at Object.<anonymous> (src/services/DeploymentValidationService.ts:7:1)\n      at Object.<anonymous> (tests/unit/services/DeploymentValidationService.test.ts:7:1)\n","name":"C:\\Users\\cmcal\\OneDrive\\Documents\\serenity-sober-pathways-guide\\tests\\unit\\services\\DeploymentValidationService.test.ts","startTime":1755214951702,"status":"failed","summary":""},{"assertionResults":[],"coverage":{},"endTime":1755214951702,"message":"  ● Test suite failed to run\n\n    Jest encountered an unexpected token\n\n    Jest failed to parse a file. This happens e.g. when your code or its dependencies use non-standard JavaScript syntax, or when Jest is not configured to support such syntax.\n\n    Out of the box Jest supports Babel, which will be used to transform your files into valid JS based on your Babel configuration.\n\n    By default \"node_modules\" folder is ignored by transformers.\n\n    Here's what you can do:\n     • If you are trying to use ECMAScript Modules, see https://jestjs.io/docs/ecmascript-modules for how to enable it.\n     • If you are trying to use TypeScript, see https://jestjs.io/docs/getting-started#using-typescript\n     • To have some of your \"node_modules\" files transformed, you can specify a custom \"transformIgnorePatterns\" in your config.\n     • If you need a custom transformation, specify a \"transform\" option in your config.\n     • If you simply want to mock your non-JS modules (e.g. binary assets) you can stub them out with the \"moduleNameMapper\" config option.\n\n    You'll find more details and examples of these config options in the docs:\n    https://jestjs.io/docs/configuration\n    For information about custom transformations, see:\n    https://jestjs.io/docs/code-transformation\n\n    Details:\n\n    C:\\Users\\cmcal\\OneDrive\\Documents\\serenity-sober-pathways-guide\\src\\integrations\\supabase\\client.ts:10\n    const VITE_ENV = (typeof import.meta !== 'undefined' ? import.meta.env : {}) || {};\n                                    ^^^^\n\n    SyntaxError: Cannot use 'import.meta' outside a module\n\n    \u001b[0m \u001b[90m  5 |\u001b[39m \u001b[90m */\u001b[39m\n     \u001b[90m  6 |\u001b[39m\n    \u001b[31m\u001b[1m>\u001b[22m\u001b[39m\u001b[90m  7 |\u001b[39m \u001b[36mimport\u001b[39m { supabase } \u001b[36mfrom\u001b[39m \u001b[32m'@/integrations/supabase/client'\u001b[39m\u001b[33m;\u001b[39m\n     \u001b[90m    |\u001b[39m \u001b[31m\u001b[1m^\u001b[22m\u001b[39m\n     \u001b[90m  8 |\u001b[39m \u001b[36mimport\u001b[39m { \u001b[33mEnhancedSecurityAuditService\u001b[39m } \u001b[36mfrom\u001b[39m \u001b[32m'@/services/EnhancedSecurityAuditService'\u001b[39m\u001b[33m;\u001b[39m\n     \u001b[90m  9 |\u001b[39m \u001b[36mimport\u001b[39m { \u001b[33mEnhancedInputValidator\u001b[39m } \u001b[36mfrom\u001b[39m \u001b[32m'@/utils/enhancedInputValidator'\u001b[39m\u001b[33m;\u001b[39m\n     \u001b[90m 10 |\u001b[39m \u001b[36mimport\u001b[39m { secureUserDataService } \u001b[36mfrom\u001b[39m \u001b[32m'@/services/secureUserDataService'\u001b[39m\u001b[33m;\u001b[39m\u001b[0m\n\n      at Runtime.createScriptFromCode (node_modules/jest-runtime/build/index.js:1316:40)\n      at Object.<anonymous> (src/agents/base/HealthcareAgent.ts:7:1)\n      at Object.<anonymous> (src/agents/ClinicalDocumentationAgent.ts:7:1)\n      at Object.<anonymous> (tests/unit/agents/ClinicalDocumentationAgent.test.ts:7:1)\n","name":"C:\\Users\\cmcal\\OneDrive\\Documents\\serenity-sober-pathways-guide\\tests\\unit\\agents\\ClinicalDocumentationAgent.test.ts","startTime":1755214951702,"status":"failed","summary":""},{"assertionResults":[],"coverage":{},"endTime":1755214951702,"message":"  ● Test suite failed to run\n\n    Jest encountered an unexpected token\n\n    Jest failed to parse a file. This happens e.g. when your code or its dependencies use non-standard JavaScript syntax, or when Jest is not configured to support such syntax.\n\n    Out of the box Jest supports Babel, which will be used to transform your files into valid JS based on your Babel configuration.\n\n    By default \"node_modules\" folder is ignored by transformers.\n\n    Here's what you can do:\n     • If you are trying to use ECMAScript Modules, see https://jestjs.io/docs/ecmascript-modules for how to enable it.\n     • If you are trying to use TypeScript, see https://jestjs.io/docs/getting-started#using-typescript\n     • To have some of your \"node_modules\" files transformed, you can specify a custom \"transformIgnorePatterns\" in your config.\n     • If you need a custom transformation, specify a \"transform\" option in your config.\n     • If you simply want to mock your non-JS modules (e.g. binary assets) you can stub them out with the \"moduleNameMapper\" config option.\n\n    You'll find more details and examples of these config options in the docs:\n    https://jestjs.io/docs/configuration\n    For information about custom transformations, see:\n    https://jestjs.io/docs/code-transformation\n\n    Details:\n\n    C:\\Users\\cmcal\\OneDrive\\Documents\\serenity-sober-pathways-guide\\src\\integrations\\supabase\\client.ts:10\n    const VITE_ENV = (typeof import.meta !== 'undefined' ? import.meta.env : {}) || {};\n                                    ^^^^\n\n    SyntaxError: Cannot use 'import.meta' outside a module\n\n    \u001b[0m \u001b[90m  6 |\u001b[39m\n     \u001b[90m  7 |\u001b[39m \u001b[36mimport\u001b[39m \u001b[33mStripe\u001b[39m \u001b[36mfrom\u001b[39m \u001b[32m'stripe'\u001b[39m\u001b[33m;\u001b[39m\n    \u001b[31m\u001b[1m>\u001b[22m\u001b[39m\u001b[90m  8 |\u001b[39m \u001b[36mimport\u001b[39m { supabase } \u001b[36mfrom\u001b[39m \u001b[32m'@/integrations/supabase/client'\u001b[39m\u001b[33m;\u001b[39m\n     \u001b[90m    |\u001b[39m \u001b[31m\u001b[1m^\u001b[22m\u001b[39m\n     \u001b[90m  9 |\u001b[39m \u001b[36mimport\u001b[39m { enhancedSecurityAuditService } \u001b[36mfrom\u001b[39m \u001b[32m'./EnhancedSecurityAuditService'\u001b[39m\u001b[33m;\u001b[39m\n     \u001b[90m 10 |\u001b[39m \u001b[36mimport\u001b[39m { \u001b[33mFinancialModelService\u001b[39m } \u001b[36mfrom\u001b[39m \u001b[32m'./FinancialModelService'\u001b[39m\u001b[33m;\u001b[39m\n     \u001b[90m 11 |\u001b[39m \u001b[36mimport\u001b[39m { \u001b[33mROIValidationService\u001b[39m } \u001b[36mfrom\u001b[39m \u001b[32m'./ROIValidationService'\u001b[39m\u001b[33m;\u001b[39m\u001b[0m\n\n      at Runtime.createScriptFromCode (node_modules/jest-runtime/build/index.js:1316:40)\n      at Object.<anonymous> (src/services/PaymentGatewayService.ts:8:1)\n      at Object.<anonymous> (tests/unit/services/PaymentGatewayService.test.ts:7:1)\n","name":"C:\\Users\\cmcal\\OneDrive\\Documents\\serenity-sober-pathways-guide\\tests\\unit\\services\\PaymentGatewayService.test.ts","startTime":1755214951702,"status":"failed","summary":""},{"assertionResults":[{"ancestorTitles":["EnhancedCrisisDetection","Crisis Detection"],"duration":21,"failing":false,"failureDetails":[{"matcherResult":{"actual":false,"expected":true,"message":"expect(received).toBe(expected) // Object.is equality\n\nExpected: true\nReceived: false","name":"toBe","pass":false}}],"failureMessages":["Error: expect(received).toBe(expected) // Object.is equality\n\nExpected: true\nReceived: false\n    at C:\\Users\\cmcal\\OneDrive\\Documents\\serenity-sober-pathways-guide\\tests\\unit\\services\\EnhancedCrisisDetection.test.ts:63:31\n    at Generator.next (<anonymous>)\n    at fulfilled (C:\\Users\\cmcal\\OneDrive\\Documents\\serenity-sober-pathways-guide\\tests\\unit\\services\\EnhancedCrisisDetection.test.ts:9:58)\n    at processTicksAndRejections (node:internal/process/task_queues:105:5)"],"fullName":"EnhancedCrisisDetection Crisis Detection should detect suicidal ideation with high confidence","invocations":1,"location":null,"numPassingAsserts":1,"retryReasons":[],"startAt":1755214912882,"status":"failed","title":"should detect suicidal ideation with high confidence"},{"ancestorTitles":["EnhancedCrisisDetection","Crisis Detection"],"duration":3,"failing":false,"failureDetails":[{"matcherResult":{"actual":false,"expected":true,"message":"expect(received).toBe(expected) // Object.is equality\n\nExpected: true\nReceived: false","name":"toBe","pass":false}}],"failureMessages":["Error: expect(received).toBe(expected) // Object.is equality\n\nExpected: true\nReceived: false\n    at C:\\Users\\cmcal\\OneDrive\\Documents\\serenity-sober-pathways-guide\\tests\\unit\\services\\EnhancedCrisisDetection.test.ts:74:31\n    at Generator.next (<anonymous>)\n    at fulfilled (C:\\Users\\cmcal\\OneDrive\\Documents\\serenity-sober-pathways-guide\\tests\\unit\\services\\EnhancedCrisisDetection.test.ts:9:58)\n    at processTicksAndRejections (node:internal/process/task_queues:105:5)"],"fullName":"EnhancedCrisisDetection Crisis Detection should detect self-harm intent","invocations":1,"location":null,"numPassingAsserts":0,"retryReasons":[],"startAt":1755214912927,"status":"failed","title":"should detect self-harm intent"},{"ancestorTitles":["EnhancedCrisisDetection","Crisis Detection"],"duration":2,"failing":false,"failureDetails":[{"matcherResult":{"message":"expect(received).toContain(expected) // indexOf\n\nExpected value: \"low\"\nReceived array: [\"high\", \"critical\"]","pass":false}}],"failureMessages":["Error: expect(received).toContain(expected) // indexOf\n\nExpected value: \"low\"\nReceived array: [\"high\", \"critical\"]\n    at C:\\Users\\cmcal\\OneDrive\\Documents\\serenity-sober-pathways-guide\\tests\\unit\\services\\EnhancedCrisisDetection.test.ts:85:36\n    at Generator.next (<anonymous>
[...]
es/EnhancedCrisisDetection.test.ts:9:58)\n","name":"C:\\Users\\cmcal\\OneDrive\\Documents\\serenity-sober-pathways-guide\\tests\\unit\\services\\EnhancedCrisisDetection.test.ts","startTime":1755214906470,"status":"failed","summary":""},{"assertionResults":[{"ancestorTitles":["HealthcareChaosService","Crisis Response Time Testing"],"duration":1973,"failing":false,"failureDetails":[],"failureMessages":[],"fullName":"HealthcareChaosService Crisis Response Time Testing should test crisis response times within 250ms SLA","invocations":1,"location":null,"numPassingAsserts":7,"retryReasons":[],"startAt":1755214913371,"status":"passed","title":"should test crisis response times within 250ms SLA"},{"ancestorTitles":["HealthcareChaosService","Crisis Response Time Testing"],"duration":1,"failing":false,"failureDetails":[],"failureMessages":[],"fullName":"HealthcareChaosService Crisis Response Time Testing should detect SLA violations when response time exceeds 250ms","invocations":1,"location":null,"numPassingAsserts":5,"retryReasons":[],"startAt":1755214915344,"status":"passed","title":"should detect SLA violations when response time exceeds 250ms"},{"ancestorTitles":["HealthcareChaosService","Crisis Response Time Testing"],"duration":10150,"failing":false,"failureDetails":[],"failureMessages":[],"fullName":"HealthcareChaosService Crisis Response Time Testing should handle concurrent crisis alerts efficiently","invocations":1,"location":null,"numPassingAsserts":3,"retryReasons":[],"startAt":1755214915346,"status":"passed","title":"should handle concurrent crisis alerts efficiently"},{"ancestorTitles":["HealthcareChaosService","Crisis Response Time Testing"],"duration":1,"failing":false,"failureDetails":[],"failureMessages":[],"fullName":"HealthcareChaosService Crisis Response Time Testing should generate appropriate recommendations for slow response times","invocations":1,"location":null,"numPassingAsserts":4,"retryReasons":[],"startAt":1755214925496,"status":"passed","title":"should generate appropriate recommendations for slow response times"},{"ancestorTitles":["HealthcareChaosService","Tenant Isolation Testing"],"duration":1,"failing":false,"failureDetails":[],"failureMessages":[],"fullName":"HealthcareChaosService Tenant Isolation Testing should validate tenant isolation security","invocations":1,"location":null,"numPassingAsserts":5,"retryReasons":[],"startAt":1755214925497,"status":"passed","title":"should validate tenant isolation security"},{"ancestorTitles":["HealthcareChaosService","Tenant Isolation Testing"],"duration":0,"failing":false,"failureDetails":[],"failureMessages":[],"fullName":"HealthcareChaosService Tenant Isolation Testing should detect tenant isolation breaches","invocations":1,"location":null,"numPassingAsserts":4,"retryReasons":[],"startAt":1755214925498,"status":"passed","title":"should detect tenant isolation breaches"},{"ancestorTitles":["HealthcareChaosService","Tenant Isolation Testing"],"duration":1,"failing":false,"failureDetails":[],"failureMessages":[],"fullName":"HealthcareChaosService Tenant Isolation Testing should test row level security enforcement","invocations":1,"location":null,"numPassingAsserts":2,"retryReasons":[],"startAt":1755214925498,"status":"passed","title":"should test row level security enforcement"},{"ancestorTitles":["HealthcareChaosService","Tenant Isolation Testing"],"duration":0,"failing":false,"failureDetails":[],"failureMessages":[],"fullName":"HealthcareChaosService Tenant Isolation Testing should generate security recommendations for isolation failures","invocations":1,"location":null,"numPassingAsserts":3,"retryReasons":[],"startAt":1755214925499,"status":"passed","title":"should generate security recommendations for isolation failures"},{"ancestorTitles":["HealthcareChaosService","HIPAA Compliance Under Stress"],"duration":1006,"failing":false,"failureDetails":[],"failureMessages":[],"fullName":"HealthcareChaosService HIPAA Compliance Under Stress should validate HIPAA compliance under high load","invocations":1,"location":null,"numPassingAsserts":4,"retryReasons":[],"startAt":1755214925499,"status":"passed","title":"should validate HIPAA compliance under high load"},{"ancestorTitles":["HealthcareChaosService","HIPAA Compliance Under Stress"],"duration":1012,"failing":false,"failureDetails":[],"failureMessages":[],"fullName":"HealthcareChaosService HIPAA Compliance Under Stress should detect encryption failures under stress","invocations":1,"location":null,"numPassingAsserts":4,"retryReasons":[],"startAt":1755214926505,"status":"passed","title":"should detect encryption failures under stress"},{"ancestorTitles":["HealthcareChaosService","HIPAA Compliance Under Stress"],"duration":1012,"failing":false,"failureDetails":[],"failureMessages":[],"fullName":"HealthcareChaosService HIPAA Compliance Under Stress should detect audit logging failures under load","invocations":1,"location":null,"numPassingAsserts":3,"retryReasons":[],"startAt":1755214927517,"status":"passed","title":"should detect audit logging failures under load"},{"ancestorTitles":["HealthcareChaosService","HIPAA Compliance Under Stress"],"duration":1013,"failing":false,"failureDetails":[],"failureMessages":[],"fullName":"HealthcareChaosService HIPAA Compliance Under Stress should test Business Associate Agreement compliance","invocations":1,"location":null,"numPassingAsserts":2,"retryReasons":[],"startAt":1755214928530,"status":"passed","title":"should test Business Associate Agreement compliance"},{"ancestorTitles":["HealthcareChaosService","Concurrent Crisis Scenarios"],"duration":2,"failing":false,"failureDetails":[],"failureMessages":[],"fullName":"HealthcareChaosService Concurrent Crisis Scenarios should handle multiple concurrent crisis alerts","invocations":1,"location":null,"numPassingAsserts":4,"retryReasons":[],"startAt":1755214929543,"status":"passed","title":"should handle multiple concurrent crisis alerts"},{"ancestorTitles":["HealthcareChaosService","Concurrent Crisis Scenarios"],"duration":0,"failing":false,"failureDetails":[],"failureMessages":[],"fullName":"HealthcareChaosService Concurrent Crisis Scenarios should test crisis queue management under load","invocations":1,"location":null,"numPassingAsserts":2,"retryReasons":[],"startAt":1755214929545,"status":"passed","title":"should test crisis queue management under load"},{"ancestorTitles":["HealthcareChaosService","Concurrent Crisis Scenarios"],"duration":1,"failing":false,"failureDetails":[],"failureMessages":[],"fullName":"HealthcareChaosService Concurrent Crisis Scenarios should test escalation load balancing","invocations":1,"location":null,"numPassingAsserts":2,"retryReasons":[],"startAt":1755214929545,"status":"passed","title":"should test escalation load balancing"},{"ancestorTitles":["HealthcareChaosService","Automatic Rollback Mechanisms"],"duration":1,"failing":false,"failureDetails":[],"failureMessages":[],"fullName":"HealthcareChaosService Automatic Rollback Mechanisms should test database rollback functionality","invocations":1,"location":null,"numPassingAsserts":4,"retryReasons":[],"startAt":1755214929546,"status":"passed","title":"should test database rollback functionality"},{"ancestorTitles":["HealthcareChaosService","Automatic Rollback Mechanisms"],"duration":0,"failing":false,"failureDetails":[],"failureMessages":[],"fullName":"HealthcareChaosService Automatic Rollback Mechanisms should verify rollback data integrity","invocations":1,"location":null,"numPassingAsserts":3,"retryReasons":[],"startAt":1755214929547,"status":"passed","title":"should verify rollback data integrity"},{"ancestorTitles":["HealthcareChaosService","Automatic Rollback Mechanisms"],"duration":1,"failing":false,"failureDetails":[],"failureMessages":[],"fullName":"HealthcareChaosService Automatic Rollback Mechanisms should test automatic rollback triggers","invocations":1,"location":null,"numPassingAsserts":3,"retryReasons":[],"startAt":1755214929547,"status":"passed","title":"should test automatic rollback triggers"},{"ancestorTitles":["HealthcareChaosService","ROI Validation Under Load"],"duration":0,"failing":false,"failureDetails":[],"failureMessages":[],"fullName":"HealthcareChaosService ROI Validation Under Load should validate ROI calculations under high load","invocations":1,"location":null,"numPassingAsserts":3,"retryReasons":[],"startAt":1755214929548,"status":"passed","title":"should validate ROI calculations under high load"},{"ancestorTitles":["HealthcareChaosService","ROI Validation Under Load"],"duration":1,"failing":false,"failureDetails":[],"failureMessages":[],"fullName":"HealthcareChaosService ROI Validation Under Load should detect calculation accuracy issues under load","invocations":1,"location":null,"numPassingAsserts":3,"retryReasons":[],"startAt":1755214929548,"status":"passed","title":"should detect calculation accuracy issues under load"},{"ancestorTitles":["HealthcareChaosService","ROI Validation Under Load"],"duration":0,"failing":false,"failureDetails":[],"failureMessages":[],"fullName":"HealthcareChaosService ROI Validation Under Load should test provider validation under stress","invocations":1,"location":null,"numPassingAsserts":2,"retryReasons":[],"startAt":1755214929549,"status":"passed","title":"should test provider validation under stress"},{"ancestorTitles":["HealthcareChaosService","Data Consistency During Chaos"],"duration":3028,"failing":false,"failureDetails":[],"failureMessages":[],"fullName":"HealthcareChaosService Data Consistency During Chaos should monitor data consistency during chaos scenarios","invocations":1,"location":null,"numPassingAsserts":3,"retryReasons":[],"startAt":1755214929549,"status":"passed","title":"should monitor data consistency during chaos scenarios"},{"ancestorTitles":["HealthcareChaosService","Data Consistency During Chaos"],"duration":3031,"failing":false,"failureDetails":[],"failureMessages":[],"fullName":"HealthcareChaosService Data Consistency During Chaos should detect data corruption during chaos","invocations":1,"location":null,"numPassingAsserts":2,"retryReasons":[],"startAt":1755214932577,"status":"passed","title":"should detect data corruption during chaos"},{"ancestorTitles":["HealthcareChaosService","Data Consistency During Chaos"],"duration":3035,"failing":false,"failureDetails":[],"failureMessages":[],"fullName":"HealthcareChaosService Data Consistency During Chaos should test transaction integrity during failures","invocations":1,"location":null,"numPassingAsserts":2,"retryReasons":[],"startAt":1755214935608,"status":"passed","title":"should test transaction integrity during failures"},{"ancestorTitles":["HealthcareChaosService","Healthcare-Specific Scenarios"],"duration":2011,"failing":false,"failureDetails":[],"failureMessages":[],"fullName":"HealthcareChaosService Healthcare-Specific Scenarios should simulate mass casualty events","invocations":1,"location":null,"numPassingAsserts":3,"retryReasons":[],"startAt":1755214938643,"status":"passed","title":"should simulate mass casualty events"},{"ancestorTitles":["HealthcareChaosService","Healthcare-Specific Scenarios"],"duration":2011,"failing":false,"failureDetails":[],"failureMessages":[],"fullName":"HealthcareChaosService Healthcare-Specific Scenarios should test system scaling under extreme load","invocations":1,"location":null,"numPassingAsserts":2,"retryReasons":[],"startAt":1755214940654,"status":"passed","title":"should test system scaling under extreme load"},{"ancestorTitles":["HealthcareChaosService","Healthcare-Specific Scenarios"],"duration":2013,"failing":false,"failureDetails":[],"failureMessages":[],"fullName":"HealthcareChaosService Healthcare-Specific Scenarios should test crisis triage during mass events","invocations":1,"location":null,"numPassingAsserts":2,"retryReasons":[],"startAt":1755214942665,"status":"passed","title":"should test crisis triage during mass events"},{"ancestorTitles":["HealthcareChaosService","Healthcare-Specific Scenarios"],"duration":2006,"failing":false,"failureDetails":[],"failureMessages":[],"fullName":"HealthcareChaosService Healthcare-Specific Scenarios should test emergency communication systems","invocations":1,"location":null,"numPassingAsserts":2,"retryReasons":[],"startAt":1755214944678,"status":"passed","title":"should test emergency communication systems"},{"ancestorTitles":["HealthcareChaosService","Comprehensive Test Suite"],"duration":3,"failing":false,"failureDetails":[],"failureMessages":[],"fullName":"HealthcareChaosService Comprehensive Test Suite should run comprehensive chaos test suite","invocations":1,"location":null,"numPassingAsserts":8,"retryReasons":[],"startAt":1755214946684,"status":"passed","title":"should run comprehensive chaos test suite"},{"ancestorTitles":["HealthcareChaosService","Comprehensive Test Suite"],"duration":3,"failing":false,"failureDetails":[{"matcherResult":{"actual":4,"expected":3,"message":"expect(received).toBe(expected) // Object.is equality\n\nExpected: 3\nReceived: 4","name":"toBe","pass":false}}],"failureMessages":["Error: expect(received).toBe(expected) // Object.is equality\n\nExpected: 3\nReceived: 4\n    at C:\\Users\\cmcal\\OneDrive\\Documents\\serenity-sober-pathways-guide\\tests\\unit\\services\\HealthcareChaosService.test.ts:569:39\n    at Generator.next (<anonymous>)\n    at fulfilled (C:\\Users\\cmcal\\OneDrive\\Documents\\serenity-sober-pathways-guide\\tests\\unit\\services\\HealthcareChaosService.test.ts:42:58)"],"fullName":"HealthcareChaosService Comprehensive Test Suite should handle mixed success/failure results","invocations":1,"location":null,"numPassingAsserts":3,"retryReasons":[],"startAt":1755214946687,"status":"failed","title":"should handle mixed success/failure results"},{"ancestorTitles":["HealthcareChaosService","Comprehensive Test Suite"],"duration":1,"failing":false,"failureDetails":[],"failureMessages":[],"fullName":"HealthcareChaosService Comprehensive Test Suite should aggregate recommendations properly","invocations":1,"location":null,"numPassingAsserts":3,"retryReasons":[],"startAt":1755214946702,"status":"passed","title":"should aggregate recommendations properly"},{"ancestorTitles":["HealthcareChaosService","Risk Score Calculation"],"duration":2,"failing":false,"failureDetails":[],"failureMessages":[],"fullName":"HealthcareChaosService Risk Score Calculation should calculate risk score based on various factors","invocations":1,"location":null,"numPassingAsserts":2,"retryReasons":[],"startAt":1755214946703,"status":"passed","title":"should calculate risk score based on various factors"},{"ancestorTitles":["HealthcareChaosService","Risk Score Calculation"],"duration":0,"failing":false,"failureDetails":[],"failureMessages":[],"fullName":"HealthcareChaosService Risk Score Calculation should calculate low risk score for good results","invocations":1,"location":null,"numPassingAsserts":1,"retryReasons":[],"startAt":1755214946705,"status":"passed","title":"should calculate low risk score for good results"},{"ancestorTitles":["HealthcareChaosService","Error Handling"],"duration":2,"failing":false,"failureDetails":[],"failureMessages":[],"fullName":"HealthcareChaosService Error Handling should handle experiment errors gracefully","invocations":1,"location":null,"numPassingAsserts":2,"retryReasons":[],"startAt":1755214946706,"status":"passed","title":"should handle experiment errors gracefully"},{"ancestorTitles":["HealthcareChaosService","Error Handling"],"duration":672,"failing":false,"failureDetails":[],"failureMessages":[],"fullName":"HealthcareChaosService Error Handling should clean up resources after experiments","invocations":1,"location":null,"numPassingAsserts":2,"retryReasons":[],"startAt":1755214946708,"status":"passed","title":"should clean up resources after experiments"},{"ancestorTitles":["HealthcareChaosService","Error Handling"],"duration":234,"failing":false,"failureDetails":[],"failureMessages":[],"fullName":"HealthcareChaosService Error Handling should handle storage failures gracefully","invocations":1,"location":null,"numPassingAsserts":2,"retryReasons":[],"startAt":1755214947380,"status":"passed","title":"should handle storage failures gracefully"},{"ancestorTitles":["HealthcareChaosService","Integration Points"],"duration":215,"failing":false,"failureDetails":[],"failureMessages":[],"fullName":"HealthcareChaosService Integration Points should integrate with security audit service","invocations":1,"location":null,"numPassingAsserts":1,"retryReasons":[],"startAt":1755214947614,"status":"passed","title":"should integrate with security audit service"},{"ancestorTitles":["HealthcareChaosService","Integration Points"],"duration":310,"failing":false,"failureDetails":[],"failureMessages":[],"fullName":"HealthcareChaosService Integration Points should store results in database","invocations":1,"location":null,"numPassingAsserts":2,"retryReasons":[],"startAt":1755214947830,"status":"passed","title":"should store results in database"},{"ancestorTitles":["HealthcareChaosService","Healthcare-Specific Validations"],"duration":285,"failing":false,"failureDetails":[],"failureMessages":[],"fullName":"HealthcareChaosService Healthcare-Specific Validations should enforce 250ms crisis response SLA","invocations":1,"location":null,"numPassingAsserts":1,"retryReasons":[],"startAt":1755214948140,"status":"passed","title":"should enforce 250ms crisis response SLA"},{"ancestorTitles":["HealthcareChaosService","Healthcare-Specific Validations"],"duration":1014,"failing":false,"failureDetails":[],"failureMessages":[],"fullName":"HealthcareChaosService Healthcare-Specific Validations should validate HIPAA compliance requirements","invocations":1,"location":null,"numPassingAsserts":1,"retryReasons":[],"startAt":1755214948426,"status":"passed","title":"should validate HIPAA compliance requirements"},{"ancestorTitles":["HealthcareChaosService","Healthcare-Specific Validations"],"duration":2158,"failing":false,"failureDetails":[],"failureMessages":[],"fullName":"HealthcareChaosService Healthcare-Specific Validations should assess patient safety impact","invocations":1,"location":null,"numPassingAsserts":4,"retryReasons":[],"startAt":1755214949440,"status":"passed","title":"should assess patient safety impact"}],"endTime":1755214951622,"message":"  ● HealthcareChaosService › Comprehensive Test Suite › should handle mixed success/failure results\n\n    expect(received).toBe(expected) // Object.is equality\n\n    Expected: 3\n    Received: 4\n\n    \u001b[0m \u001b[90m 567 |\u001b[39m       expect(result\u001b[33m.\u001b[39mpassed)\u001b[33m.\u001b[39mtoBe(\u001b[35m4\u001b[39m)\u001b[33m;\u001b[39m\n     \u001b[90m 568 |\u001b[39m       expect(result\u001b[33m.\u001b[39mfailed)\u001b[33m.\u001b[39mtoBe(\u001b[35m4\u001b[39m)\u001b[33m;\u001b[39m\n    \u001b[31m\u001b[1m>\u001b[22m\u001b[39m\u001b[90m 569 |\u001b[39m       expect(result\u001b[33m.\u001b[39mcriticalFailures)\u001b[33m.\u001b[39mtoBe(\u001b[35m3\u001b[39m)\u001b[33m;\u001b[39m \u001b[90m// High risk failures\u001b[39m\n     \u001b[90m     |\u001b[39m                                       \u001b[31m\u001b[1m^\u001b[22m\u001b[39m\n     \u001b[90m 570 |\u001b[39m       expect(result\u001b[33m.\u001b[39moverallResilience)\u001b[33m.\u001b[39mtoBe(\u001b[35m50\u001b[39m)\u001b[33m;\u001b[39m\n     \u001b[90m 571 |\u001b[39m       expect(result\u001b[33m.\u001b[39mcomplianceScore)\u001b[33m.\u001b[39mtoBe(\u001b[35m40\u001b[39m)\u001b[33m;\u001b[39m \u001b[90m// 2 out of 5 compliance tests passed\u001b[39m\n     \u001b[90m 572 |\u001b[39m     })\u001b[33m;\u001b[39m\u001b[0m\n\n      at tests/unit/services/HealthcareChaosService.test.ts:569:39\n      at fulfilled (tests/unit/services/HealthcareChaosService.test.ts:42:58)\n","name":"C:\\Users\\cmcal\\OneDrive\\Documents\\serenity-sober-pathways-guide\\tests\\unit\\services\\HealthcareChaosService.test.ts","startTime":1755214906470,"status":"failed","summary":""}],"wasInterrupted":false}
